2018-03-26 15:43:18,160 INFO [MainProcess] [MainThread] - s_tm_xf
2018-03-26 15:43:19,296 INFO [MainProcess] [Thread-6] - 重启
2018-03-26 15:45:00,587 INFO [MainProcess] [MainThread] - s_tm_xf
2018-03-26 15:45:40,238 INFO [MainProcess] [MainThread] - s_tm_xf
2018-03-26 15:46:49,999 INFO [MainProcess] [MainThread] - s_tm_xf
2018-03-26 15:47:29,662 INFO [MainProcess] [MainThread] - s_tm_xf
2018-03-26 15:51:56,793 INFO [MainProcess] [MainThread] - s_tm_xf
2018-03-26 15:54:43,172 INFO [MainProcess] [MainThread] - s_tm_xf
2018-03-26 15:55:11,034 INFO [MainProcess] [MainThread] - s_tm_xf
2018-03-26 15:56:22,294 INFO [MainProcess] [MainThread] - s_tm_xf
2018-03-26 15:56:48,572 INFO [MainProcess] [MainThread] - s_tm_xf
2018-03-26 15:56:59,227 INFO [MainProcess] [MainThread] - s_tm_xf
2018-03-26 15:57:18,898 INFO [MainProcess] [MainThread] - s_tm_xf
2018-03-26 15:57:28,916 INFO [MainProcess] [Thread-6] - 重启
2018-03-26 15:57:47,966 INFO [MainProcess] [MainThread] - s_tm_xf
2018-03-26 15:58:20,121 INFO [MainProcess] [MainThread] - s_tm_xf
2018-03-26 15:59:06,798 INFO [MainProcess] [MainThread] - s_tm_xf
2018-03-26 15:59:28,028 INFO [MainProcess] [MainThread] - s_tm_xf
2018-03-26 16:00:42,508 INFO [MainProcess] [MainThread] - s_tm_xf
2018-03-28 17:26:29,568 INFO [MainProcess] [MainThread] - s_tm_xf
2018-03-28 19:14:29,626 INFO [MainProcess] [MainThread] - s_tm_xf
2018-03-28 19:14:46,860 INFO [MainProcess] [MainThread] - s_tm_xf
2018-03-28 19:15:55,114 INFO [MainProcess] [MainThread] - s_tm_xf
2018-03-28 19:16:23,917 INFO [MainProcess] [MainThread] - s_tm_xf
2018-03-28 19:17:09,882 INFO [MainProcess] [MainThread] - s_tm_xf
2018-03-28 19:18:02,632 INFO [MainProcess] [MainThread] - s_tm_xf
2018-03-28 20:16:23,826 INFO [MainProcess] [MainThread] - 1#845024329602482176#2
2018-03-28 20:16:23,826 INFO [MainProcess] [MainThread] - 1#845024361722458112#2
2018-03-28 20:16:23,827 INFO [MainProcess] [MainThread] - 1#845024420715352064#2
2018-03-28 20:16:23,827 INFO [MainProcess] [MainThread] - 1#845024389304213504#2
2018-03-28 20:16:23,828 INFO [MainProcess] [MainThread] - 1#845024448691351552#2
2018-03-28 20:16:23,828 INFO [MainProcess] [MainThread] - 1#864290600999235584#2
2018-03-28 20:17:34,886 INFO [MainProcess] [MainThread] - 1#845024329602482176#2
2018-03-28 20:17:34,887 INFO [MainProcess] [MainThread] - 1#845024361722458112#2
2018-03-28 20:17:34,887 INFO [MainProcess] [MainThread] - 1#845024420715352064#2
2018-03-28 20:17:34,888 INFO [MainProcess] [MainThread] - 1#845024389304213504#2
2018-03-28 20:17:34,888 INFO [MainProcess] [MainThread] - 1#845024448691351552#2
2018-03-28 20:17:34,888 INFO [MainProcess] [MainThread] - 1#864290600999235584#2
2018-03-28 20:17:35,967 INFO [MainProcess] [Thread-8] - 重启
2018-03-28 20:17:36,005 INFO [MainProcess] [Thread-6] - 重启
2018-03-28 20:17:36,005 INFO [MainProcess] [Thread-10] - 重启
2018-03-28 20:17:36,006 INFO [MainProcess] [Thread-11] - 重启
2018-03-28 20:17:36,007 INFO [MainProcess] [Thread-9] - 重启
2018-03-28 20:18:05,122 INFO [MainProcess] [MainThread] - 1#845024329602482176#2
2018-03-28 20:18:05,124 INFO [MainProcess] [MainThread] - 1#845024361722458112#2
2018-03-28 20:18:05,124 INFO [MainProcess] [MainThread] - 1#845024420715352064#2
2018-03-28 20:18:05,124 INFO [MainProcess] [MainThread] - 1#845024389304213504#2
2018-03-28 20:18:05,125 INFO [MainProcess] [MainThread] - 1#845024448691351552#2
2018-03-28 20:18:05,125 INFO [MainProcess] [MainThread] - 1#864290600999235584#2
2018-03-28 20:18:06,369 INFO [MainProcess] [Thread-10] - 重启
2018-03-28 20:18:06,369 INFO [MainProcess] [Thread-9] - 重启
2018-03-28 20:18:06,370 INFO [MainProcess] [Thread-7] - 重启
2018-03-28 20:18:06,374 INFO [MainProcess] [Thread-8] - 重启
2018-03-28 20:18:26,168 INFO [MainProcess] [MainThread] - 1#845024329602482176#2
2018-03-28 20:18:26,169 INFO [MainProcess] [MainThread] - 1#845024361722458112#2
2018-03-28 20:18:26,169 INFO [MainProcess] [MainThread] - 1#845024420715352064#2
2018-03-28 20:18:26,169 INFO [MainProcess] [MainThread] - 1#845024389304213504#2
2018-03-28 20:18:26,170 INFO [MainProcess] [MainThread] - 1#845024448691351552#2
2018-03-28 20:18:26,170 INFO [MainProcess] [MainThread] - 1#864290600999235584#2
2018-03-28 20:18:27,287 INFO [MainProcess] [Thread-11] - 重启
2018-03-28 20:18:27,288 INFO [MainProcess] [Thread-10] - 重启
2018-03-28 20:18:27,305 INFO [MainProcess] [Thread-7] - 重启
2018-03-28 20:18:27,305 INFO [MainProcess] [Thread-9] - 重启
2018-03-28 20:18:27,629 INFO [MainProcess] [Thread-6] - 重启
2018-03-28 20:19:38,308 INFO [MainProcess] [Thread-11] - 重启
2018-03-28 20:19:38,311 INFO [MainProcess] [Thread-10] - 重启
2018-03-28 20:19:38,317 INFO [MainProcess] [Thread-9] - 重启
2018-03-28 20:19:38,318 INFO [MainProcess] [Thread-7] - 重启
2018-03-28 20:19:38,927 INFO [MainProcess] [Thread-6] - 重启
2018-03-28 20:19:54,163 INFO [MainProcess] [MainThread] - 1#845024329602482176#2
2018-03-28 20:19:54,164 INFO [MainProcess] [MainThread] - 1#845024361722458112#2
2018-03-28 20:19:54,165 INFO [MainProcess] [MainThread] - 1#845024420715352064#2
2018-03-28 20:19:54,165 INFO [MainProcess] [MainThread] - 1#845024389304213504#2
2018-03-28 20:19:54,166 INFO [MainProcess] [MainThread] - 1#845024448691351552#2
2018-03-28 20:19:54,166 INFO [MainProcess] [MainThread] - 1#864290600999235584#2
2018-03-28 20:20:20,886 INFO [MainProcess] [MainThread] - 1#845024329602482176#2
2018-03-28 20:20:20,887 INFO [MainProcess] [MainThread] - 1#845024361722458112#2
2018-03-28 20:20:20,887 INFO [MainProcess] [MainThread] - 1#845024420715352064#2
2018-03-28 20:20:20,888 INFO [MainProcess] [MainThread] - 1#845024389304213504#2
2018-03-28 20:20:20,888 INFO [MainProcess] [MainThread] - 1#845024448691351552#2
2018-03-28 20:20:20,889 INFO [MainProcess] [MainThread] - 1#864290600999235584#2
2018-03-28 20:25:25,577 INFO [MainProcess] [MainThread] - 1#845024329602482176#2
2018-03-28 20:25:25,578 INFO [MainProcess] [MainThread] - 1#845024361722458112#2
2018-03-28 20:25:25,579 INFO [MainProcess] [MainThread] - 1#845024420715352064#2
2018-03-28 20:25:25,579 INFO [MainProcess] [MainThread] - 1#845024389304213504#2
2018-03-28 20:25:25,580 INFO [MainProcess] [MainThread] - 1#845024448691351552#2
2018-03-28 20:25:25,580 INFO [MainProcess] [MainThread] - 1#864290600999235584#2
2018-03-28 20:37:58,775 INFO [MainProcess] [MainThread] - 1#845024329602482176#2
2018-03-28 20:37:58,776 INFO [MainProcess] [MainThread] - 1#845024361722458112#2
2018-03-28 20:37:58,777 INFO [MainProcess] [MainThread] - 1#845024420715352064#2
2018-03-28 20:37:58,777 INFO [MainProcess] [MainThread] - 1#845024389304213504#2
2018-03-28 20:37:58,777 INFO [MainProcess] [MainThread] - 1#845024448691351552#2
2018-03-28 20:37:58,777 INFO [MainProcess] [MainThread] - 1#864290600999235584#2
2018-03-28 20:38:14,247 INFO [MainProcess] [MainThread] - 1#845024329602482176#2
2018-03-28 20:38:14,249 INFO [MainProcess] [MainThread] - 1#845024361722458112#2
2018-03-28 20:38:14,249 INFO [MainProcess] [MainThread] - 1#845024420715352064#2
2018-03-28 20:38:14,249 INFO [MainProcess] [MainThread] - 1#845024389304213504#2
2018-03-28 20:38:14,249 INFO [MainProcess] [MainThread] - 1#845024448691351552#2
2018-03-28 20:38:14,250 INFO [MainProcess] [MainThread] - 1#864290600999235584#2
2018-03-28 20:39:19,688 INFO [MainProcess] [MainThread] - 1#845024329602482176#2
2018-03-28 20:39:19,688 INFO [MainProcess] [MainThread] - 1#845024361722458112#2
2018-03-28 20:39:19,689 INFO [MainProcess] [MainThread] - 1#845024420715352064#2
2018-03-28 20:39:19,689 INFO [MainProcess] [MainThread] - 1#845024448691351552#2
2018-03-28 20:39:19,689 INFO [MainProcess] [MainThread] - 1#864290600999235584#2
2018-03-28 20:40:35,456 INFO [MainProcess] [MainThread] - 1#845024329602482176#2
2018-03-28 20:42:22,194 INFO [MainProcess] [MainThread] - 1#845024329602482176#2
2018-03-28 20:45:52,396 INFO [MainProcess] [Thread-6] - 重启
2018-03-28 20:46:50,276 INFO [MainProcess] [MainThread] - 1#845024329602482176#2
2018-03-28 20:47:43,835 INFO [MainProcess] [MainThread] - 1#845024329602482176#2
2018-03-28 20:47:51,690 INFO [MainProcess] [Thread-6] - 重启
2018-03-28 20:48:05,583 INFO [MainProcess] [MainThread] - 1#845024329602482176#2
2018-03-28 20:48:15,167 INFO [MainProcess] [MainThread] - 1#845024329602482176#2
2018-03-28 20:54:28,328 INFO [MainProcess] [MainThread] - 1#845024329602482176#2
2018-03-28 21:00:41,261 INFO [MainProcess] [MainThread] - 1#845024329602482176#2
2018-03-28 21:00:42,665 INFO [MainProcess] [Thread-6] - https://rate.tmall.com/list_detail_rate.htm?order=1&itemId=74056110&sellerId=145397&currentPage=1
2018-03-28 21:00:52,135 INFO [MainProcess] [Thread-6] - maxPage3
2018-03-28 21:00:53,110 INFO [MainProcess] [Thread-6] - 重启
2018-03-28 21:01:32,731 INFO [MainProcess] [MainThread] - 1#845024329602482176#2
2018-03-28 21:01:34,068 INFO [MainProcess] [Thread-6] - https://rate.tmall.com/list_detail_rate.htm?order=1&itemId=74056110&sellerId=145397&currentPage=1
2018-03-28 21:01:37,027 INFO [MainProcess] [Thread-6] - maxPage3
2018-03-28 21:04:28,665 INFO [MainProcess] [MainThread] - 1#845024329602482176#2
2018-03-28 21:05:21,579 INFO [MainProcess] [MainThread] - 1#845024329602482176#2
2018-03-28 21:07:01,492 INFO [MainProcess] [MainThread] - 1#845024329602482176#2
2018-03-28 21:07:12,649 INFO [MainProcess] [MainThread] - 1#845024329602482176#2
2018-03-28 21:07:38,597 INFO [MainProcess] [MainThread] - 1#845024329602482176#2
2018-03-28 21:08:47,843 INFO [MainProcess] [MainThread] - 1#845024329602482176#2
2018-03-28 21:08:51,831 INFO [MainProcess] [Thread-6] - https://rate.tmall.com/list_detail_rate.htm?order=1&itemId=74056110&sellerId=145397&currentPage=1
2018-03-28 21:08:54,875 INFO [MainProcess] [Thread-6] - maxPage3
2018-03-28 21:09:17,347 INFO [MainProcess] [MainThread] - 1#845024329602482176#2
2018-03-28 21:09:18,692 INFO [MainProcess] [Thread-6] - https://rate.tmall.com/list_detail_rate.htm?order=1&itemId=74056110&sellerId=145397&currentPage=1
2018-03-28 21:09:21,596 INFO [MainProcess] [Thread-6] - maxPage3
2018-03-28 21:10:24,405 INFO [MainProcess] [MainThread] - 1#845024329602482176#2
2018-03-28 21:10:25,724 INFO [MainProcess] [Thread-6] - https://rate.tmall.com/list_detail_rate.htm?order=1&itemId=74056110&sellerId=145397&currentPage=1
2018-03-28 21:10:28,757 INFO [MainProcess] [Thread-6] - maxPage3
2018-03-28 21:10:43,548 INFO [MainProcess] [MainThread] - 1#845024329602482176#2
2018-03-28 21:10:44,882 INFO [MainProcess] [Thread-6] - https://rate.tmall.com/list_detail_rate.htm?order=1&itemId=74056110&sellerId=145397&currentPage=1
2018-03-28 21:10:47,833 INFO [MainProcess] [Thread-6] - maxPage3
2018-03-28 21:11:41,737 INFO [MainProcess] [MainThread] - 1#845024329602482176#2
2018-03-28 21:13:07,804 INFO [MainProcess] [Thread-6] - https://rate.tmall.com/list_detail_rate.htm?order=1&itemId=74056110&sellerId=145397&currentPage=1
2018-03-28 21:13:55,824 INFO [MainProcess] [MainThread] - 1#845024329602482176#2
2018-03-28 21:14:02,055 INFO [MainProcess] [Thread-6] - https://rate.tmall.com/list_detail_rate.htm?order=1&itemId=74056110&sellerId=145397&currentPage=1
2018-03-28 21:14:11,335 INFO [MainProcess] [Thread-6] - maxPage3
2018-03-28 21:16:13,232 INFO [MainProcess] [MainThread] - 1#845024329602482176#2
2018-03-28 21:16:22,129 INFO [MainProcess] [Thread-6] - https://rate.tmall.com/list_detail_rate.htm?order=1&itemId=74056110&sellerId=145397&currentPage=1
2018-03-28 21:16:25,271 INFO [MainProcess] [Thread-6] - maxPage3
2018-03-28 21:16:50,913 INFO [MainProcess] [MainThread] - 1#845024329602482176#2
2018-03-28 21:17:07,674 INFO [MainProcess] [Thread-6] - https://rate.tmall.com/list_detail_rate.htm?order=1&itemId=74056110&sellerId=145397&currentPage=1
2018-03-28 21:17:10,703 INFO [MainProcess] [Thread-6] - maxPage3
2018-03-28 21:18:44,100 INFO [MainProcess] [MainThread] - 1#845024329602482176#2
2018-03-28 21:18:45,431 INFO [MainProcess] [Thread-6] - https://rate.tmall.com/list_detail_rate.htm?order=1&itemId=74056110&sellerId=145397&currentPage=1
2018-03-28 21:18:48,418 INFO [MainProcess] [Thread-6] - maxPage3
2018-03-28 21:19:22,396 INFO [MainProcess] [MainThread] - 1#845024329602482176#2
2018-03-28 21:19:23,729 INFO [MainProcess] [Thread-6] - https://rate.tmall.com/list_detail_rate.htm?order=1&itemId=74056110&sellerId=145397&currentPage=1
2018-03-28 21:19:26,715 INFO [MainProcess] [Thread-6] - maxPage3
2018-03-28 21:20:30,403 INFO [MainProcess] [MainThread] - 1#845024329602482176#2
2018-03-28 21:20:36,371 INFO [MainProcess] [Thread-6] - https://rate.tmall.com/list_detail_rate.htm?order=1&itemId=74056110&sellerId=145397&currentPage=1
2018-03-28 21:20:40,623 INFO [MainProcess] [Thread-6] - maxPage3
2018-03-28 21:21:11,135 INFO [MainProcess] [MainThread] - 1#845024329602482176#2
2018-03-28 21:21:12,476 INFO [MainProcess] [Thread-6] - https://rate.tmall.com/list_detail_rate.htm?order=1&itemId=74056110&sellerId=145397&currentPage=1
2018-03-28 21:21:15,616 INFO [MainProcess] [Thread-6] - maxPage3
2018-03-28 21:21:30,810 INFO [MainProcess] [Thread-6] - 商品索引:0
2018-03-28 21:21:30,852 INFO [MainProcess] [Thread-6] - 页码:1
2018-03-28 21:21:30,853 INFO [MainProcess] [Thread-6] - [0, 0, 0, 0, 0, 0, 0, 0, 0, 0, 0, 0, 0, 0, 0, 0, 0, 0, 0, 0]
2018-03-28 21:21:35,633 INFO [MainProcess] [Thread-6] - 商品索引:0
2018-03-28 21:21:35,633 INFO [MainProcess] [Thread-6] - 页码:2
2018-03-28 21:21:35,633 INFO [MainProcess] [Thread-6] - [0, 0, 0, 0, 0, 0, 0, 0, 0, 0, 0, 0, 0, 0, 0, 0, 0, 0, 0, 0]
2018-03-28 21:21:40,168 INFO [MainProcess] [Thread-6] - 商品索引:0
2018-03-28 21:21:40,168 INFO [MainProcess] [Thread-6] - 页码:3
2018-03-28 21:21:40,169 INFO [MainProcess] [Thread-6] - [0, 0, 0, 0, 0, 0, 0, 0, 0, 0, 0, 0, 0]
2018-03-28 21:21:41,073 INFO [MainProcess] [Thread-6] - https://rate.tmall.com/list_detail_rate.htm?order=1&itemId=74211187&sellerId=10437461&currentPage=1
2018-03-28 21:21:44,115 INFO [MainProcess] [Thread-6] - maxPage4
2018-03-28 21:21:48,234 INFO [MainProcess] [Thread-6] - 商品索引:1
2018-03-28 21:21:48,235 INFO [MainProcess] [Thread-6] - 页码:1
2018-03-28 21:21:48,235 INFO [MainProcess] [Thread-6] - [0, 0, 0, 0, 0, 0, 0, 0, 0, 0, 0, 0, 0, 0, 0, 0, 0, 0, 0, 0]
2018-03-28 21:21:53,191 INFO [MainProcess] [Thread-6] - 商品索引:1
2018-03-28 21:21:53,191 INFO [MainProcess] [Thread-6] - 页码:2
2018-03-28 21:21:53,191 INFO [MainProcess] [Thread-6] - [0, 0, 0, 0, 0, 0, 0, 0, 0, 0, 0, 0, 0, 0, 0, 0, 0, 0, 0, 0]
2018-03-28 21:21:58,350 INFO [MainProcess] [Thread-6] - 商品索引:1
2018-03-28 21:21:58,351 INFO [MainProcess] [Thread-6] - 页码:3
2018-03-28 21:21:58,351 INFO [MainProcess] [Thread-6] - [0, 0, 0, 0, 0, 0, 0, 0, 0, 0, 0, 0, 0, 0, 0, 0, 0, 0, 0, 0]
2018-03-28 21:22:03,070 INFO [MainProcess] [Thread-6] - 商品索引:1
2018-03-28 21:22:03,070 INFO [MainProcess] [Thread-6] - 页码:4
2018-03-28 21:22:03,070 INFO [MainProcess] [Thread-6] - [0, 0, 0, 0, 0, 0, 0, 0, 0, 0, 0, 0, 0, 0, 0, 0, 0, 0, 0, 0]
2018-03-28 21:22:03,774 INFO [MainProcess] [Thread-6] - https://rate.tmall.com/list_detail_rate.htm?order=1&itemId=182493936&sellerId=64237468&currentPage=1
2018-03-28 21:22:06,823 INFO [MainProcess] [Thread-6] - maxPage8
2018-03-28 21:27:19,212 INFO [MainProcess] [MainThread] - s_TM_XY_洗衣液
2018-03-28 21:27:20,545 INFO [MainProcess] [Thread-6] - https://rate.tmall.com/list_detail_rate.htm?order=1&itemId=74056110&sellerId=145397&currentPage=1
2018-03-28 21:27:23,931 INFO [MainProcess] [Thread-6] - maxPage3
2018-03-28 21:27:28,042 INFO [MainProcess] [Thread-6] - 商品索引:0
2018-03-28 21:27:28,043 INFO [MainProcess] [Thread-6] - 页码:1
2018-03-28 21:27:28,043 INFO [MainProcess] [Thread-6] - [0, 0, 0, 0, 0, 0, 0, 0, 0, 0, 0, 0, 0, 0, 0, 0, 0, 0, 0, 0]
2018-03-28 21:27:33,029 INFO [MainProcess] [Thread-6] - 商品索引:0
2018-03-28 21:27:33,029 INFO [MainProcess] [Thread-6] - 页码:2
2018-03-28 21:27:33,029 INFO [MainProcess] [Thread-6] - [0, 0, 0, 0, 0, 0, 0, 0, 0, 0, 0, 0, 0, 0, 0, 0, 0, 0, 0, 0]
2018-03-28 21:27:37,895 INFO [MainProcess] [Thread-6] - 商品索引:0
2018-03-28 21:27:37,895 INFO [MainProcess] [Thread-6] - 页码:3
2018-03-28 21:27:37,896 INFO [MainProcess] [Thread-6] - [0, 0, 0, 0, 0, 0, 0, 0, 0, 0, 0, 0, 0]
2018-03-28 21:27:38,799 INFO [MainProcess] [Thread-6] - https://rate.tmall.com/list_detail_rate.htm?order=1&itemId=74211187&sellerId=10437461&currentPage=1
2018-03-28 21:27:41,879 INFO [MainProcess] [Thread-6] - maxPage4
2018-03-28 21:27:45,923 INFO [MainProcess] [Thread-6] - 商品索引:1
2018-03-28 21:27:45,923 INFO [MainProcess] [Thread-6] - 页码:1
2018-03-28 21:27:45,923 INFO [MainProcess] [Thread-6] - [0, 0, 0, 0, 0, 0, 0, 0, 0, 0, 0, 0, 0, 0, 0, 0, 0, 0, 0, 0]
2018-03-28 21:27:50,553 INFO [MainProcess] [Thread-6] - 商品索引:1
2018-03-28 21:27:50,553 INFO [MainProcess] [Thread-6] - 页码:2
2018-03-28 21:27:50,553 INFO [MainProcess] [Thread-6] - [0, 0, 0, 0, 0, 0, 0, 0, 0, 0, 0, 0, 0, 0, 0, 0, 0, 0, 0, 0]
2018-03-28 21:27:55,584 INFO [MainProcess] [Thread-6] - 商品索引:1
2018-03-28 21:27:55,585 INFO [MainProcess] [Thread-6] - 页码:3
2018-03-28 21:27:55,585 INFO [MainProcess] [Thread-6] - [0, 0, 0, 0, 0, 0, 0, 0, 0, 0, 0, 0, 0, 0, 0, 0, 0, 0, 0, 0]
2018-03-28 21:28:00,728 INFO [MainProcess] [Thread-6] - 商品索引:1
2018-03-28 21:28:00,728 INFO [MainProcess] [Thread-6] - 页码:4
2018-03-28 21:28:00,729 INFO [MainProcess] [Thread-6] - [0, 0, 0, 0, 0, 0, 0, 0, 0, 0, 0, 0, 0, 0, 0, 0, 0, 0, 0, 0]
2018-03-28 21:28:01,232 INFO [MainProcess] [Thread-6] - https://rate.tmall.com/list_detail_rate.htm?order=1&itemId=182493936&sellerId=64237468&currentPage=1
2018-03-28 21:28:04,310 INFO [MainProcess] [Thread-6] - maxPage8
2018-03-28 21:28:08,989 INFO [MainProcess] [Thread-6] - 商品索引:2
2018-03-28 21:28:08,989 INFO [MainProcess] [Thread-6] - 页码:1
2018-03-28 21:28:08,989 INFO [MainProcess] [Thread-6] - [0, 0, 0, 0, 0, 0, 0, 0, 0, 0, 0, 0, 0, 0, 0, 0, 0, 0, 0, 0]
2018-03-28 21:28:13,863 INFO [MainProcess] [Thread-6] - 商品索引:2
2018-03-28 21:28:13,863 INFO [MainProcess] [Thread-6] - 页码:2
2018-03-28 21:28:13,863 INFO [MainProcess] [Thread-6] - [0, 0, 0, 0, 0, 0, 0, 0, 0, 0, 0, 0, 0, 0, 0, 0, 0, 0, 0, 0]
2018-03-28 21:28:19,179 INFO [MainProcess] [Thread-6] - 商品索引:2
2018-03-28 21:28:19,179 INFO [MainProcess] [Thread-6] - 页码:3
2018-03-28 21:28:19,179 INFO [MainProcess] [Thread-6] - [0, 0, 0, 0, 0, 0, 0, 0, 0, 0, 0, 0, 0, 0, 0, 0, 0, 0, 0, 0]
2018-03-28 21:28:30,645 INFO [MainProcess] [Thread-6] - 商品索引:2
2018-03-28 21:28:30,645 INFO [MainProcess] [Thread-6] - 页码:4
2018-03-28 21:28:30,646 INFO [MainProcess] [Thread-6] - [0, 0, 0, 0, 0, 0, 0, 0, 0, 0, 0, 0, 0, 0, 0, 0, 0, 0, 0, 0]
2018-03-28 21:28:35,559 INFO [MainProcess] [Thread-6] - 商品索引:2
2018-03-28 21:28:35,559 INFO [MainProcess] [Thread-6] - 页码:5
2018-03-28 21:28:35,560 INFO [MainProcess] [Thread-6] - [0, 0, 0, 0, 0, 0, 0, 0, 0, 0, 0, 0, 0, 0, 0, 0, 0, 0, 0, 0]
2018-03-28 21:28:46,482 INFO [MainProcess] [Thread-6] - 商品索引:2
2018-03-28 21:28:46,482 INFO [MainProcess] [Thread-6] - 页码:6
2018-03-28 21:28:46,483 INFO [MainProcess] [Thread-6] - [0, 0, 0, 0, 0, 0, 0, 0, 0, 0, 0, 0, 0, 0, 0, 0, 0, 0, 0, 0]
2018-03-28 21:28:51,240 INFO [MainProcess] [Thread-6] - 商品索引:2
2018-03-28 21:28:51,240 INFO [MainProcess] [Thread-6] - 页码:7
2018-03-28 21:28:51,240 INFO [MainProcess] [Thread-6] - [0, 0, 0, 0, 0, 0, 0, 0, 0, 0, 0, 0, 0, 0, 0, 0, 0, 0, 0, 0]
2018-03-28 21:28:56,074 INFO [MainProcess] [Thread-6] - 商品索引:2
2018-03-28 21:28:56,075 INFO [MainProcess] [Thread-6] - 页码:8
2018-03-28 21:28:56,075 INFO [MainProcess] [Thread-6] - [0, 0, 0, 0]
2018-03-28 21:28:56,980 INFO [MainProcess] [Thread-6] - https://rate.tmall.com/list_detail_rate.htm?order=1&itemId=2860019371&sellerId=38902369&currentPage=1
2018-03-28 21:29:00,095 INFO [MainProcess] [Thread-6] - maxPage11
2018-03-28 21:29:10,505 INFO [MainProcess] [Thread-6] - 商品索引:3
2018-03-28 21:29:10,505 INFO [MainProcess] [Thread-6] - 页码:1
2018-03-28 21:29:10,505 INFO [MainProcess] [Thread-6] - [0, 0, 0, 0, 0, 0, 0, 0, 0, 0, 0, 0, 0, 0, 0, 0, 0, 0, 0, 0]
2018-03-28 21:29:15,431 INFO [MainProcess] [Thread-6] - 商品索引:3
2018-03-28 21:29:15,431 INFO [MainProcess] [Thread-6] - 页码:2
2018-03-28 21:29:15,431 INFO [MainProcess] [Thread-6] - [0, 0, 0, 0, 0, 0, 0, 0, 0, 0, 0, 0, 0, 0, 0, 0, 0, 0, 0, 0]
2018-03-28 21:29:20,335 INFO [MainProcess] [Thread-6] - 商品索引:3
2018-03-28 21:29:20,335 INFO [MainProcess] [Thread-6] - 页码:3
2018-03-28 21:29:20,335 INFO [MainProcess] [Thread-6] - [0, 0, 0, 0, 0, 0, 0, 0, 0, 0, 0, 0, 0, 0, 0, 0, 0, 0, 0, 0]
2018-03-28 21:29:25,265 INFO [MainProcess] [Thread-6] - 商品索引:3
2018-03-28 21:29:25,265 INFO [MainProcess] [Thread-6] - 页码:4
2018-03-28 21:29:25,266 INFO [MainProcess] [Thread-6] - [0, 0, 0, 0, 0, 0, 0, 0, 0, 0, 0, 0, 0, 0, 0, 0, 0, 0, 0, 0]
2018-03-28 21:30:12,451 INFO [MainProcess] [MainThread] - s_TM_XY_洗衣液
2018-03-28 21:30:12,538 INFO [MainProcess] [Thread-6] - log checking
2018-03-28 21:30:12,538 INFO [MainProcess] [Thread-6] - 47.27189493179321
2018-03-28 21:30:13,859 INFO [MainProcess] [Thread-6] - https://rate.tmall.com/list_detail_rate.htm?order=1&itemId=2860019371&sellerId=38902369&currentPage=1
2018-03-28 21:30:17,085 INFO [MainProcess] [Thread-6] - maxPage11
2018-03-28 21:30:21,073 INFO [MainProcess] [Thread-6] - 商品索引:3
2018-03-28 21:30:21,073 INFO [MainProcess] [Thread-6] - 页码:5
2018-03-28 21:30:21,074 INFO [MainProcess] [Thread-6] - [1, 1, 1, 1, 1, 1, 1, 1, 1, 1, 1, 1, 1, 1, 1, 1, 1, 1, 1, 1]
2018-03-28 21:30:25,860 INFO [MainProcess] [Thread-6] - 商品索引:3
2018-03-28 21:30:25,860 INFO [MainProcess] [Thread-6] - 页码:6
2018-03-28 21:30:25,860 INFO [MainProcess] [Thread-6] - [0, 0, 0, 0, 0, 0, 0, 0, 0, 0, 0, 0, 0, 0, 0, 0, 0, 0, 0, 0]
2018-03-28 21:30:30,386 INFO [MainProcess] [Thread-6] - 商品索引:3
2018-03-28 21:30:30,386 INFO [MainProcess] [Thread-6] - 页码:7
2018-03-28 21:30:30,387 INFO [MainProcess] [Thread-6] - [0, 0, 0, 0, 0, 0, 0, 0, 0, 0, 0, 0, 0, 0, 0, 0, 0, 0, 0, 0]
2018-03-28 21:30:35,319 INFO [MainProcess] [Thread-6] - 商品索引:3
2018-03-28 21:30:35,320 INFO [MainProcess] [Thread-6] - 页码:8
2018-03-28 21:30:35,321 INFO [MainProcess] [Thread-6] - [0, 0, 0, 0, 0, 0, 0, 0, 0, 0, 0, 0, 0, 0, 0, 0, 0, 0, 0, 0]
2018-03-28 21:30:40,160 INFO [MainProcess] [Thread-6] - 商品索引:3
2018-03-28 21:30:40,160 INFO [MainProcess] [Thread-6] - 页码:9
2018-03-28 21:30:40,160 INFO [MainProcess] [Thread-6] - [0, 0, 0, 0, 0, 0, 0, 0, 0, 0, 0, 0, 0, 0, 0, 0, 0, 0, 0, 0]
2018-03-28 21:30:45,075 INFO [MainProcess] [Thread-6] - 商品索引:3
2018-03-28 21:30:45,095 INFO [MainProcess] [Thread-6] - 页码:10
2018-03-28 21:30:45,095 INFO [MainProcess] [Thread-6] - [0, 0, 0, 0, 0, 0, 0, 0, 0, 0, 0, 0, 0, 0, 0, 0, 0, 0, 0, 0]
2018-03-28 21:30:50,064 INFO [MainProcess] [Thread-6] - 商品索引:3
2018-03-28 21:30:50,064 INFO [MainProcess] [Thread-6] - 页码:11
2018-03-28 21:30:50,064 INFO [MainProcess] [Thread-6] - [0, 0, 0, 0, 0, 0, 0, 0, 0, 0, 0, 0, 0, 0, 0]
2018-03-28 21:30:50,568 INFO [MainProcess] [Thread-6] - https://rate.tmall.com/list_detail_rate.htm?order=1&itemId=3315060055&sellerId=130022529&currentPage=1
2018-03-28 21:30:53,614 INFO [MainProcess] [Thread-6] - maxPage3
2018-03-28 21:30:57,700 INFO [MainProcess] [Thread-6] - 商品索引:4
2018-03-28 21:30:57,700 INFO [MainProcess] [Thread-6] - 页码:1
2018-03-28 21:30:57,700 INFO [MainProcess] [Thread-6] - [0, 0, 0, 0, 0, 0, 0, 0, 0, 0, 0, 0, 0, 0, 0, 0, 0, 0, 0, 0]
2018-03-28 21:31:02,223 INFO [MainProcess] [Thread-6] - 商品索引:4
2018-03-28 21:31:02,223 INFO [MainProcess] [Thread-6] - 页码:2
2018-03-28 21:31:02,223 INFO [MainProcess] [Thread-6] - [0, 0, 0, 0, 0, 0, 0, 0, 0, 0, 0, 0, 0, 0, 0, 0, 0, 0, 0, 0]
2018-03-28 21:31:06,958 INFO [MainProcess] [Thread-6] - 商品索引:4
2018-03-28 21:31:06,958 INFO [MainProcess] [Thread-6] - 页码:3
2018-03-28 21:31:06,958 INFO [MainProcess] [Thread-6] - [0, 0, 0, 0, 0, 0, 0, 0, 0]
2018-03-28 21:31:07,962 INFO [MainProcess] [Thread-6] - https://rate.tmall.com/list_detail_rate.htm?order=1&itemId=3906389186&sellerId=145397&currentPage=1
2018-03-28 21:31:10,964 INFO [MainProcess] [Thread-6] - maxPage7
2018-03-28 21:31:15,452 INFO [MainProcess] [Thread-6] - 商品索引:5
2018-03-28 21:31:15,452 INFO [MainProcess] [Thread-6] - 页码:1
2018-03-28 21:31:15,452 INFO [MainProcess] [Thread-6] - [0, 0, 0, 0, 0, 0, 0, 0, 0, 0, 0, 0, 0, 0, 0, 0, 0, 0, 0, 0]
2018-03-28 21:31:20,539 INFO [MainProcess] [Thread-6] - 商品索引:5
2018-03-28 21:31:20,539 INFO [MainProcess] [Thread-6] - 页码:2
2018-03-28 21:31:20,539 INFO [MainProcess] [Thread-6] - [0, 0, 0, 0, 0, 0, 0, 0, 0, 0, 0, 0, 0, 0, 0, 0, 0, 0, 0, 0]
2018-03-28 21:31:25,303 INFO [MainProcess] [Thread-6] - 商品索引:5
2018-03-28 21:31:25,303 INFO [MainProcess] [Thread-6] - 页码:3
2018-03-28 21:31:25,304 INFO [MainProcess] [Thread-6] - [0, 0, 0, 0, 0, 0, 0, 0, 0, 0, 0, 0, 0, 0, 0, 0, 0, 0, 0, 0]
2018-03-28 21:31:30,180 INFO [MainProcess] [Thread-6] - 商品索引:5
2018-03-28 21:31:30,180 INFO [MainProcess] [Thread-6] - 页码:4
2018-03-28 21:31:30,180 INFO [MainProcess] [Thread-6] - [0, 0, 0, 0, 0, 0, 0, 0, 0, 0, 0, 0, 0, 0, 0, 0, 0, 0, 0, 0]
2018-03-28 21:31:35,290 INFO [MainProcess] [Thread-6] - 商品索引:5
2018-03-28 21:31:35,291 INFO [MainProcess] [Thread-6] - 页码:5
2018-03-28 21:31:35,291 INFO [MainProcess] [Thread-6] - [0, 0, 0, 0, 0, 0, 0, 0, 0, 0, 0, 0, 0, 0, 0, 0, 0, 0, 0, 0]
2018-03-28 21:31:43,880 INFO [MainProcess] [Thread-6] - 商品索引:5
2018-03-28 21:31:43,881 INFO [MainProcess] [Thread-6] - 页码:6
2018-03-28 21:31:43,881 INFO [MainProcess] [Thread-6] - Empty
2018-03-28 21:32:23,320 INFO [MainProcess] [MainThread] - s_TM_XY_洗衣液
2018-03-28 21:32:23,332 INFO [MainProcess] [Thread-1] - log checking
2018-03-28 21:32:28,479 INFO [MainProcess] [Thread-1] - restarting
2018-03-28 21:32:29,687 INFO [MainProcess] [Thread-1] - https://rate.tmall.com/list_detail_rate.htm?order=1&itemId=3906389186&sellerId=145397&currentPage=1
2018-03-28 21:32:32,712 INFO [MainProcess] [Thread-1] - maxPage7
2018-03-28 21:32:36,682 INFO [MainProcess] [Thread-1] - 商品索引:5
2018-03-28 21:32:36,683 INFO [MainProcess] [Thread-1] - 页码:7
2018-03-28 21:32:36,683 INFO [MainProcess] [Thread-1] - [0, 0, 0, 0, 0, 0, 0, 0, 0, 0, 0, 0, 0]
2018-03-28 21:32:37,385 INFO [MainProcess] [Thread-1] - https://rate.tmall.com/list_detail_rate.htm?order=1&itemId=3906406588&sellerId=145397&currentPage=1
2018-03-28 21:32:46,862 INFO [MainProcess] [Thread-1] - maxPage1
2018-03-28 21:32:50,933 INFO [MainProcess] [Thread-1] - 商品索引:6
2018-03-28 21:32:50,933 INFO [MainProcess] [Thread-1] - 页码:1
2018-03-28 21:32:50,933 INFO [MainProcess] [Thread-1] - [0, 0, 0, 0, 0, 0, 0, 0, 0, 0, 0, 0]
2018-03-28 21:32:51,936 INFO [MainProcess] [Thread-1] - https://rate.tmall.com/list_detail_rate.htm?order=1&itemId=4006218345&sellerId=321534640&currentPage=1
2018-03-28 21:32:54,958 INFO [MainProcess] [Thread-1] - maxPage4
2018-03-28 21:32:59,035 INFO [MainProcess] [Thread-1] - 商品索引:7
2018-03-28 21:32:59,035 INFO [MainProcess] [Thread-1] - 页码:1
2018-03-28 21:32:59,035 INFO [MainProcess] [Thread-1] - [0, 0, 0, 0, 0, 0, 0, 0, 0, 0, 0, 0, 0, 0, 0, 0, 0, 0, 0, 0]
2018-03-28 21:33:03,624 INFO [MainProcess] [Thread-1] - 商品索引:7
2018-03-28 21:33:03,624 INFO [MainProcess] [Thread-1] - 页码:2
2018-03-28 21:33:03,624 INFO [MainProcess] [Thread-1] - [0, 0, 0, 0, 0, 0, 0, 0, 0, 0, 0, 0, 0, 0, 0, 0, 0, 0, 0, 0]
2018-03-28 21:33:15,109 INFO [MainProcess] [Thread-1] - 商品索引:7
2018-03-28 21:33:15,109 INFO [MainProcess] [Thread-1] - 页码:3
2018-03-28 21:33:15,109 INFO [MainProcess] [Thread-1] - [0, 0, 0, 0, 0, 0, 0, 0, 0, 0, 0, 0, 0, 0, 0, 0, 0, 0, 0, 0]
2018-03-28 21:33:19,880 INFO [MainProcess] [Thread-1] - 商品索引:7
2018-03-28 21:33:19,880 INFO [MainProcess] [Thread-1] - 页码:4
2018-03-28 21:33:19,880 INFO [MainProcess] [Thread-1] - [0, 0, 0, 0, 0, 0, 0, 0, 0, 0, 0, 0, 0, 0, 0, 0, 0, 0, 0]
2018-03-28 21:33:20,483 INFO [MainProcess] [Thread-1] - https://rate.tmall.com/list_detail_rate.htm?order=1&itemId=6960945145&sellerId=467005089&currentPage=1
2018-03-28 21:33:23,515 INFO [MainProcess] [Thread-1] - maxPage58
2018-03-28 21:33:27,899 INFO [MainProcess] [Thread-1] - 商品索引:8
2018-03-28 21:33:27,899 INFO [MainProcess] [Thread-1] - 页码:1
2018-03-28 21:33:27,899 INFO [MainProcess] [Thread-1] - [0, 0, 0, 0, 0, 0, 0, 0, 0, 0, 0, 0, 0, 0, 0, 0, 0, 0, 0, 0]
2018-03-28 21:33:32,744 INFO [MainProcess] [Thread-1] - 商品索引:8
2018-03-28 21:33:32,744 INFO [MainProcess] [Thread-1] - 页码:2
2018-03-28 21:33:32,744 INFO [MainProcess] [Thread-1] - [0, 0, 0, 0, 0, 0, 0, 0, 0, 0, 0, 0, 0, 0, 0, 0, 0, 0, 0, 0]
2018-03-28 21:33:37,501 INFO [MainProcess] [Thread-1] - 商品索引:8
2018-03-28 21:33:37,501 INFO [MainProcess] [Thread-1] - 页码:3
2018-03-28 21:33:37,501 INFO [MainProcess] [Thread-1] - [0, 0, 0, 0, 0, 0, 0, 0, 0, 0, 0, 0, 0, 0, 0, 0, 0, 0, 0, 0]
2018-03-28 21:33:42,209 INFO [MainProcess] [Thread-1] - 商品索引:8
2018-03-28 21:33:42,210 INFO [MainProcess] [Thread-1] - 页码:4
2018-03-28 21:33:42,210 INFO [MainProcess] [Thread-1] - [0, 0, 0, 0, 0, 0, 0, 0, 0, 0, 0, 0, 0, 0, 0, 0, 0, 0, 0, 0]
2018-03-28 21:33:47,358 INFO [MainProcess] [Thread-1] - 商品索引:8
2018-03-28 21:33:47,358 INFO [MainProcess] [Thread-1] - 页码:5
2018-03-28 21:33:47,358 INFO [MainProcess] [Thread-1] - [0, 0, 0, 0, 0, 0, 0, 0, 0, 0, 0, 0, 0, 0, 0, 0, 0, 0, 0, 0]
2018-03-28 21:33:52,363 INFO [MainProcess] [Thread-1] - 商品索引:8
2018-03-28 21:33:52,363 INFO [MainProcess] [Thread-1] - 页码:6
2018-03-28 21:33:52,363 INFO [MainProcess] [Thread-1] - [0, 0, 0, 0, 0, 0, 0, 0, 0, 0, 0, 0, 0, 0, 0, 0, 0, 0, 0, 0]
2018-03-28 21:33:57,467 INFO [MainProcess] [Thread-1] - 商品索引:8
2018-03-28 21:33:57,467 INFO [MainProcess] [Thread-1] - 页码:7
2018-03-28 21:33:57,467 INFO [MainProcess] [Thread-1] - [0, 0, 0, 0, 0, 0, 0, 0, 0, 0, 0, 0, 0, 0, 0, 0, 0, 0, 0, 0]
2018-03-28 21:34:02,544 INFO [MainProcess] [Thread-1] - 商品索引:8
2018-03-28 21:34:02,545 INFO [MainProcess] [Thread-1] - 页码:8
2018-03-28 21:34:02,545 INFO [MainProcess] [Thread-1] - [0, 0, 0, 0, 0, 0, 0, 0, 0, 0, 0, 0, 0, 0, 0, 0, 0, 0, 0, 0]
2018-03-28 21:34:07,481 INFO [MainProcess] [Thread-1] - 商品索引:8
2018-03-28 21:34:07,481 INFO [MainProcess] [Thread-1] - 页码:9
2018-03-28 21:34:07,481 INFO [MainProcess] [Thread-1] - [0, 0, 0, 0, 0, 0, 0, 0, 0, 0, 0, 0, 0, 0, 0, 0, 0, 0, 0, 0]
2018-03-28 21:34:12,110 INFO [MainProcess] [Thread-1] - 商品索引:8
2018-03-28 21:34:12,110 INFO [MainProcess] [Thread-1] - 页码:10
2018-03-28 21:34:12,110 INFO [MainProcess] [Thread-1] - [0, 0, 0, 0, 0, 0, 0, 0, 0, 0, 0, 0, 0, 0, 0, 0, 0, 0, 0, 0]
2018-03-28 21:34:17,011 INFO [MainProcess] [Thread-1] - 商品索引:8
2018-03-28 21:34:17,011 INFO [MainProcess] [Thread-1] - 页码:11
2018-03-28 21:34:17,011 INFO [MainProcess] [Thread-1] - [0, 0, 0, 0, 0, 0, 0, 0, 0, 0, 0, 0, 0, 0, 0, 0, 0, 0, 0, 0]
2018-03-28 21:34:21,735 INFO [MainProcess] [Thread-1] - 商品索引:8
2018-03-28 21:34:21,735 INFO [MainProcess] [Thread-1] - 页码:12
2018-03-28 21:34:21,735 INFO [MainProcess] [Thread-1] - [0, 0, 0, 0, 0, 0, 0, 0, 0, 0, 0, 0, 0, 0, 0, 0, 0, 0, 0, 0]
2018-03-28 21:34:26,967 INFO [MainProcess] [Thread-1] - 商品索引:8
2018-03-28 21:34:26,967 INFO [MainProcess] [Thread-1] - 页码:13
2018-03-28 21:34:26,967 INFO [MainProcess] [Thread-1] - [0, 0, 0, 0, 0, 0, 0, 0, 0, 0, 0, 0, 0, 0, 0, 0, 0, 0, 0, 0]
2018-03-28 21:34:31,950 INFO [MainProcess] [Thread-1] - 商品索引:8
2018-03-28 21:34:31,951 INFO [MainProcess] [Thread-1] - 页码:14
2018-03-28 21:34:31,951 INFO [MainProcess] [Thread-1] - [0, 0, 0, 0, 0, 0, 0, 0, 0, 0, 0, 0, 0, 0, 0, 0, 0, 0, 0, 0]
2018-03-28 21:34:36,490 INFO [MainProcess] [Thread-1] - 商品索引:8
2018-03-28 21:34:36,491 INFO [MainProcess] [Thread-1] - 页码:15
2018-03-28 21:34:36,491 INFO [MainProcess] [Thread-1] - [0, 0, 0, 0, 0, 0, 0, 0, 0, 0, 0, 0, 0, 0, 0, 0, 0, 0, 0, 0]
2018-03-28 21:34:41,323 INFO [MainProcess] [Thread-1] - 商品索引:8
2018-03-28 21:34:41,323 INFO [MainProcess] [Thread-1] - 页码:16
2018-03-28 21:34:41,323 INFO [MainProcess] [Thread-1] - [0, 0, 0, 0, 0, 0, 0, 0, 0, 0, 0, 0, 0, 0, 0, 0, 0, 0, 0, 0]
2018-03-28 21:34:46,124 INFO [MainProcess] [Thread-1] - 商品索引:8
2018-03-28 21:34:46,124 INFO [MainProcess] [Thread-1] - 页码:17
2018-03-28 21:34:46,124 INFO [MainProcess] [Thread-1] - [0, 0, 0, 0, 0, 0, 0, 0, 0, 0, 0, 0, 0, 0, 0, 0, 0, 0, 0, 0]
2018-03-28 21:34:51,222 INFO [MainProcess] [Thread-1] - 商品索引:8
2018-03-28 21:34:51,222 INFO [MainProcess] [Thread-1] - 页码:18
2018-03-28 21:34:51,222 INFO [MainProcess] [Thread-1] - [0, 0, 0, 0, 0, 0, 0, 0, 0, 0, 0, 0, 0, 0, 0, 0, 0, 0, 0, 0]
2018-03-28 21:34:56,340 INFO [MainProcess] [Thread-1] - 商品索引:8
2018-03-28 21:34:56,340 INFO [MainProcess] [Thread-1] - 页码:19
2018-03-28 21:34:56,340 INFO [MainProcess] [Thread-1] - [0, 0, 0, 0, 0, 0, 0, 0, 0, 0, 0, 0, 0, 0, 0, 0, 0, 0, 0, 0]
2018-03-28 21:35:01,198 INFO [MainProcess] [Thread-1] - 商品索引:8
2018-03-28 21:35:01,198 INFO [MainProcess] [Thread-1] - 页码:20
2018-03-28 21:35:01,198 INFO [MainProcess] [Thread-1] - [0, 0, 0, 0, 0, 0, 0, 0, 0, 0, 0, 0, 0, 0, 0, 0, 0, 0, 0, 0]
2018-03-28 21:35:05,849 INFO [MainProcess] [Thread-1] - 商品索引:8
2018-03-28 21:35:05,849 INFO [MainProcess] [Thread-1] - 页码:21
2018-03-28 21:35:05,849 INFO [MainProcess] [Thread-1] - [0, 0, 0, 0, 0, 0, 0, 0, 0, 0, 0, 0, 0, 0, 0, 0, 0, 0, 0, 0]
2018-03-28 21:35:10,361 INFO [MainProcess] [Thread-1] - 商品索引:8
2018-03-28 21:35:10,361 INFO [MainProcess] [Thread-1] - 页码:22
2018-03-28 21:35:10,361 INFO [MainProcess] [Thread-1] - [0, 0, 0, 0, 0, 0, 0, 0, 0, 0, 0, 0, 0, 0, 0, 0, 0, 0, 0, 0]
2018-03-28 21:35:15,412 INFO [MainProcess] [Thread-1] - 商品索引:8
2018-03-28 21:35:15,412 INFO [MainProcess] [Thread-1] - 页码:23
2018-03-28 21:35:15,412 INFO [MainProcess] [Thread-1] - [0, 0, 0, 0, 0, 0, 0, 0, 0, 0, 0, 0, 0, 0, 0, 0, 0, 0, 0, 0]
2018-03-28 21:35:20,164 INFO [MainProcess] [Thread-1] - 商品索引:8
2018-03-28 21:35:20,164 INFO [MainProcess] [Thread-1] - 页码:24
2018-03-28 21:35:20,164 INFO [MainProcess] [Thread-1] - [0, 0, 0, 0, 0, 0, 0, 0, 0, 0, 0, 0, 0, 0, 0, 0, 0, 0, 0, 0]
2018-03-28 21:35:24,758 INFO [MainProcess] [Thread-1] - 商品索引:8
2018-03-28 21:35:24,758 INFO [MainProcess] [Thread-1] - 页码:25
2018-03-28 21:35:24,758 INFO [MainProcess] [Thread-1] - [0, 0, 0, 0, 0, 0, 0, 0, 0, 0, 0, 0, 0, 0, 0, 0, 0, 0, 0, 0]
2018-03-28 21:35:35,702 INFO [MainProcess] [Thread-1] - 商品索引:8
2018-03-28 21:35:35,702 INFO [MainProcess] [Thread-1] - 页码:26
2018-03-28 21:35:35,702 INFO [MainProcess] [Thread-1] - [0, 0, 0, 0, 0, 0, 0, 0, 0, 0, 0, 0, 0, 0, 0, 0, 0, 0, 0, 0]
2018-03-28 21:35:40,848 INFO [MainProcess] [Thread-1] - 商品索引:8
2018-03-28 21:35:40,848 INFO [MainProcess] [Thread-1] - 页码:27
2018-03-28 21:35:40,848 INFO [MainProcess] [Thread-1] - [0, 0, 0, 0, 0, 0, 0, 0, 0, 0, 0, 0, 0, 0, 0, 0, 0, 0, 0, 0]
2018-03-28 21:35:45,733 INFO [MainProcess] [Thread-1] - 商品索引:8
2018-03-28 21:35:45,734 INFO [MainProcess] [Thread-1] - 页码:28
2018-03-28 21:35:45,734 INFO [MainProcess] [Thread-1] - [0, 0, 0, 0, 0, 0, 0, 0, 0, 0, 0, 0, 0, 0, 0, 0, 0, 0, 0, 0]
2018-03-28 21:35:50,670 INFO [MainProcess] [Thread-1] - 商品索引:8
2018-03-28 21:35:50,670 INFO [MainProcess] [Thread-1] - 页码:29
2018-03-28 21:35:50,670 INFO [MainProcess] [Thread-1] - [0, 0, 0, 0, 0, 0, 0, 0, 0, 0, 0, 0, 0, 0, 0, 0, 0, 0, 0, 0]
2018-03-28 21:35:55,503 INFO [MainProcess] [Thread-1] - 商品索引:8
2018-03-28 21:35:55,503 INFO [MainProcess] [Thread-1] - 页码:30
2018-03-28 21:35:55,503 INFO [MainProcess] [Thread-1] - [0, 0, 0, 0, 0, 0, 0, 0, 0, 0, 0, 0, 0, 0, 0, 0, 0, 0, 0, 0]
2018-03-28 21:36:00,661 INFO [MainProcess] [Thread-1] - 商品索引:8
2018-03-28 21:36:00,661 INFO [MainProcess] [Thread-1] - 页码:31
2018-03-28 21:36:00,661 INFO [MainProcess] [Thread-1] - [0, 0, 0, 0, 0, 0, 0, 0, 0, 0, 0, 0, 0, 0, 0, 0, 0, 0, 0, 0]
2018-03-28 21:36:05,718 INFO [MainProcess] [Thread-1] - 商品索引:8
2018-03-28 21:36:05,718 INFO [MainProcess] [Thread-1] - 页码:32
2018-03-28 21:36:05,718 INFO [MainProcess] [Thread-1] - [0, 0, 0, 0, 0, 0, 0, 0, 0, 0, 0, 0, 0, 0, 0, 0, 0, 0, 0, 0]
2018-03-28 21:36:16,838 INFO [MainProcess] [Thread-1] - 商品索引:8
2018-03-28 21:36:16,838 INFO [MainProcess] [Thread-1] - 页码:33
2018-03-28 21:36:16,838 INFO [MainProcess] [Thread-1] - [0, 0, 0, 0, 0, 0, 0, 0, 0, 0, 0, 0, 0, 0, 0, 0, 0, 0, 0, 0]
2018-03-28 21:36:21,763 INFO [MainProcess] [Thread-1] - 商品索引:8
2018-03-28 21:36:21,763 INFO [MainProcess] [Thread-1] - 页码:34
2018-03-28 21:36:21,763 INFO [MainProcess] [Thread-1] - [0, 0, 0, 0, 0, 0, 0, 0, 0, 0, 0, 0, 0, 0, 0, 0, 0, 0, 0, 0]
2018-03-28 21:36:26,887 INFO [MainProcess] [Thread-1] - 商品索引:8
2018-03-28 21:36:26,887 INFO [MainProcess] [Thread-1] - 页码:35
2018-03-28 21:36:26,887 INFO [MainProcess] [Thread-1] - [0, 0, 0, 0, 0, 0, 0, 0, 0, 0, 0, 0, 0, 0, 0, 0, 0, 0, 0, 0]
2018-03-28 21:36:32,000 INFO [MainProcess] [Thread-1] - 商品索引:8
2018-03-28 21:36:32,001 INFO [MainProcess] [Thread-1] - 页码:36
2018-03-28 21:36:32,001 INFO [MainProcess] [Thread-1] - [0, 0, 0, 0, 0, 0, 0, 0, 0, 0, 0, 0, 0, 0, 0, 0, 0, 0, 0, 0]
2018-03-28 21:36:36,891 INFO [MainProcess] [Thread-1] - 商品索引:8
2018-03-28 21:36:36,891 INFO [MainProcess] [Thread-1] - 页码:37
2018-03-28 21:36:36,891 INFO [MainProcess] [Thread-1] - [0, 0, 0, 0, 0, 0, 0, 0, 0, 0, 0, 0, 0, 0, 0, 0, 0, 0, 0, 0]
2018-03-28 21:36:42,111 INFO [MainProcess] [Thread-1] - 商品索引:8
2018-03-28 21:36:42,111 INFO [MainProcess] [Thread-1] - 页码:38
2018-03-28 21:36:42,111 INFO [MainProcess] [Thread-1] - [0, 0, 0, 0, 0, 0, 0, 0, 0, 0, 0, 0, 0, 0, 0, 0, 0, 0, 0, 0]
2018-03-28 21:36:47,090 INFO [MainProcess] [Thread-1] - 商品索引:8
2018-03-28 21:36:47,090 INFO [MainProcess] [Thread-1] - 页码:39
2018-03-28 21:36:47,090 INFO [MainProcess] [Thread-1] - [0, 0, 0, 0, 0, 0, 0, 0, 0, 0, 0, 0, 0, 0, 0, 0, 0, 0, 0, 0]
2018-03-28 21:36:52,041 INFO [MainProcess] [Thread-1] - 商品索引:8
2018-03-28 21:36:52,042 INFO [MainProcess] [Thread-1] - 页码:40
2018-03-28 21:36:52,042 INFO [MainProcess] [Thread-1] - [0, 0, 0, 0, 0, 0, 0, 0, 0, 0, 0, 0, 0, 0, 0, 0, 0, 0, 0, 0]
2018-03-28 21:36:57,215 INFO [MainProcess] [Thread-1] - 商品索引:8
2018-03-28 21:36:57,215 INFO [MainProcess] [Thread-1] - 页码:41
2018-03-28 21:36:57,215 INFO [MainProcess] [Thread-1] - [0, 0, 0, 0, 0, 0, 0, 0, 0, 0, 0, 0, 0, 0, 0, 0, 0, 0, 0, 0]
2018-03-28 21:37:08,114 INFO [MainProcess] [Thread-1] - 商品索引:8
2018-03-28 21:37:08,114 INFO [MainProcess] [Thread-1] - 页码:42
2018-03-28 21:37:08,115 INFO [MainProcess] [Thread-1] - [0, 0, 0, 0, 0, 0, 0, 0, 0, 0, 0, 0, 0, 0, 0, 0, 0, 0, 0, 0]
2018-03-28 21:37:14,146 INFO [MainProcess] [Thread-1] - 商品索引:8
2018-03-28 21:37:14,146 INFO [MainProcess] [Thread-1] - 页码:43
2018-03-28 21:37:14,146 INFO [MainProcess] [Thread-1] - [0, 0, 0, 0, 0, 0, 0, 0, 0, 0, 0, 0, 0, 0, 0, 0, 0, 0, 0, 0]
2018-03-28 21:37:18,870 INFO [MainProcess] [Thread-1] - 商品索引:8
2018-03-28 21:37:18,870 INFO [MainProcess] [Thread-1] - 页码:44
2018-03-28 21:37:18,870 INFO [MainProcess] [Thread-1] - [0, 0, 0, 0, 0, 0, 0, 0, 0, 0, 0, 0, 0, 0, 0, 0, 0, 0, 0, 0]
2018-03-28 21:37:23,708 INFO [MainProcess] [Thread-1] - 商品索引:8
2018-03-28 21:37:23,708 INFO [MainProcess] [Thread-1] - 页码:45
2018-03-28 21:37:23,708 INFO [MainProcess] [Thread-1] - [0, 0, 0, 0, 0, 0, 0, 0, 0, 0, 0, 0, 0, 0, 0, 0, 0, 0, 0, 0]
2018-03-28 21:37:28,895 INFO [MainProcess] [Thread-1] - 商品索引:8
2018-03-28 21:37:28,895 INFO [MainProcess] [Thread-1] - 页码:46
2018-03-28 21:37:28,895 INFO [MainProcess] [Thread-1] - [0, 0, 0, 0, 0, 0, 0, 0, 0, 0, 0, 0, 0, 0, 0, 0, 0, 0, 0, 0]
2018-03-28 21:37:33,864 INFO [MainProcess] [Thread-1] - 商品索引:8
2018-03-28 21:37:33,864 INFO [MainProcess] [Thread-1] - 页码:47
2018-03-28 21:37:33,864 INFO [MainProcess] [Thread-1] - [0, 0, 0, 0, 0, 0, 0, 0, 0, 0, 0, 0, 0, 0, 0, 0, 0, 0, 0, 0]
2018-03-28 21:37:38,962 INFO [MainProcess] [Thread-1] - 商品索引:8
2018-03-28 21:37:38,962 INFO [MainProcess] [Thread-1] - 页码:48
2018-03-28 21:37:38,963 INFO [MainProcess] [Thread-1] - [0, 0, 0, 0, 0, 0, 0, 0, 0, 0, 0, 0, 0, 0, 0, 0, 0, 0, 0, 0]
2018-03-28 21:37:44,100 INFO [MainProcess] [Thread-1] - 商品索引:8
2018-03-28 21:37:44,100 INFO [MainProcess] [Thread-1] - 页码:49
2018-03-28 21:37:44,100 INFO [MainProcess] [Thread-1] - [0, 0, 0, 0, 0, 0, 0, 0, 0, 0, 0, 0, 0, 0, 0, 0, 0, 0, 0, 0]
2018-03-28 21:37:48,993 INFO [MainProcess] [Thread-1] - 商品索引:8
2018-03-28 21:37:48,993 INFO [MainProcess] [Thread-1] - 页码:50
2018-03-28 21:37:48,994 INFO [MainProcess] [Thread-1] - [0, 0, 0, 0, 0, 0, 0, 0, 0, 0, 0, 0, 0, 0, 0, 0, 0, 0, 0, 0]
2018-03-28 21:37:53,746 INFO [MainProcess] [Thread-1] - 商品索引:8
2018-03-28 21:37:53,746 INFO [MainProcess] [Thread-1] - 页码:51
2018-03-28 21:37:53,746 INFO [MainProcess] [Thread-1] - [0, 0, 0, 0, 0, 0, 0, 0, 0, 0, 0, 0, 0, 0, 0, 0, 0, 0, 0, 0]
2018-03-28 21:38:04,961 INFO [MainProcess] [Thread-1] - 商品索引:8
2018-03-28 21:38:04,961 INFO [MainProcess] [Thread-1] - 页码:52
2018-03-28 21:38:04,961 INFO [MainProcess] [Thread-1] - [0, 0, 0, 0, 0, 0, 0, 0, 0, 0, 0, 0, 0, 0, 0, 0, 0, 0, 0, 0]
2018-03-28 21:38:16,562 INFO [MainProcess] [Thread-1] - 商品索引:8
2018-03-28 21:38:16,562 INFO [MainProcess] [Thread-1] - 页码:53
2018-03-28 21:38:16,562 INFO [MainProcess] [Thread-1] - [0, 0, 0, 0, 0, 0, 0, 0, 0, 0, 0, 0, 0, 0, 0, 0, 0, 0, 0, 0]
2018-03-28 21:38:21,737 INFO [MainProcess] [Thread-1] - 商品索引:8
2018-03-28 21:38:21,737 INFO [MainProcess] [Thread-1] - 页码:54
2018-03-28 21:38:21,737 INFO [MainProcess] [Thread-1] - [0, 0, 0, 0, 0, 0, 0, 0, 0, 0, 0, 0, 0, 0, 0, 0, 0, 0, 0, 0]
2018-03-28 21:38:26,400 INFO [MainProcess] [Thread-1] - 商品索引:8
2018-03-28 21:38:26,400 INFO [MainProcess] [Thread-1] - 页码:55
2018-03-28 21:38:26,400 INFO [MainProcess] [Thread-1] - [0, 0, 0, 0, 0, 0, 0, 0, 0, 0, 0, 0, 0, 0, 0, 0, 0, 0, 0, 0]
2018-03-28 21:38:31,608 INFO [MainProcess] [Thread-1] - 商品索引:8
2018-03-28 21:38:31,608 INFO [MainProcess] [Thread-1] - 页码:56
2018-03-28 21:38:31,608 INFO [MainProcess] [Thread-1] - [0, 0, 0, 0, 0, 0, 0, 0, 0, 0, 0, 0, 0, 0, 0, 0, 0, 0, 0, 0]
2018-03-28 21:38:36,344 INFO [MainProcess] [Thread-1] - 商品索引:8
2018-03-28 21:38:36,344 INFO [MainProcess] [Thread-1] - 页码:57
2018-03-28 21:38:36,344 INFO [MainProcess] [Thread-1] - [0, 0, 0, 0, 0, 0, 0, 0, 0, 0, 0, 0, 0, 0, 0, 0, 0, 0, 0, 0]
2018-03-28 21:38:41,094 INFO [MainProcess] [Thread-1] - 商品索引:8
2018-03-28 21:38:41,094 INFO [MainProcess] [Thread-1] - 页码:58
2018-03-28 21:38:41,095 INFO [MainProcess] [Thread-1] - [0, 0, 0, 0, 0, 0, 0, 0, 0, 0, 0, 0, 0, 0, 0]
2018-03-28 21:38:41,598 INFO [MainProcess] [Thread-1] - https://rate.tmall.com/list_detail_rate.htm?order=1&itemId=7228709564&sellerId=478829986&currentPage=1
2018-03-28 21:38:44,603 INFO [MainProcess] [Thread-1] - maxPage10
2018-03-28 21:38:48,709 INFO [MainProcess] [Thread-1] - 商品索引:9
2018-03-28 21:38:48,709 INFO [MainProcess] [Thread-1] - 页码:1
2018-03-28 21:38:48,709 INFO [MainProcess] [Thread-1] - [0, 0, 0, 0, 0, 0, 0, 0, 0, 0, 0, 0, 0, 0, 0, 0, 0, 0, 0, 0]
2018-03-28 21:38:59,800 INFO [MainProcess] [Thread-1] - 商品索引:9
2018-03-28 21:38:59,800 INFO [MainProcess] [Thread-1] - 页码:2
2018-03-28 21:38:59,800 INFO [MainProcess] [Thread-1] - [0, 0, 0, 0, 0, 0, 0, 0, 0, 0, 0, 0, 0, 0, 0, 0, 0, 0, 0, 0]
2018-03-28 21:39:04,444 INFO [MainProcess] [Thread-1] - 商品索引:9
2018-03-28 21:39:04,444 INFO [MainProcess] [Thread-1] - 页码:3
2018-03-28 21:39:04,444 INFO [MainProcess] [Thread-1] - [0, 0, 0, 0, 0, 0, 0, 0, 0, 0, 0, 0, 0, 0, 0, 0, 0, 0, 0, 0]
2018-03-28 21:39:09,435 INFO [MainProcess] [Thread-1] - 商品索引:9
2018-03-28 21:39:09,435 INFO [MainProcess] [Thread-1] - 页码:4
2018-03-28 21:39:09,435 INFO [MainProcess] [Thread-1] - [0, 0, 0, 0, 0, 0, 0, 0, 0, 0, 0, 0, 0, 0, 0, 0, 0, 0, 0, 0]
2018-03-28 21:39:13,929 INFO [MainProcess] [Thread-1] - 商品索引:9
2018-03-28 21:39:13,929 INFO [MainProcess] [Thread-1] - 页码:5
2018-03-28 21:39:13,929 INFO [MainProcess] [Thread-1] - [0, 0, 0, 0, 0, 0, 0, 0, 0, 0, 0, 0, 0, 0, 0, 0, 0, 0, 0, 0]
2018-03-28 21:39:18,932 INFO [MainProcess] [Thread-1] - 商品索引:9
2018-03-28 21:39:18,932 INFO [MainProcess] [Thread-1] - 页码:6
2018-03-28 21:39:18,932 INFO [MainProcess] [Thread-1] - [0, 0, 0, 0, 0, 0, 0, 0, 0, 0, 0, 0, 0, 0, 0, 0, 0, 0, 0, 0]
2018-03-28 21:39:23,558 INFO [MainProcess] [Thread-1] - 商品索引:9
2018-03-28 21:39:23,558 INFO [MainProcess] [Thread-1] - 页码:7
2018-03-28 21:39:23,558 INFO [MainProcess] [Thread-1] - [0, 0, 0, 0, 0, 0, 0, 0, 0, 0, 0, 0, 0, 0, 0, 0, 0, 0, 0, 0]
2018-03-28 21:39:28,171 INFO [MainProcess] [Thread-1] - 商品索引:9
2018-03-28 21:39:28,171 INFO [MainProcess] [Thread-1] - 页码:8
2018-03-28 21:39:28,171 INFO [MainProcess] [Thread-1] - [0, 0, 0, 0, 0, 0, 0, 0, 0, 0, 0, 0, 0, 0, 0, 0, 0, 0, 0, 0]
2018-03-28 21:39:32,895 INFO [MainProcess] [Thread-1] - 商品索引:9
2018-03-28 21:39:32,895 INFO [MainProcess] [Thread-1] - 页码:9
2018-03-28 21:39:32,895 INFO [MainProcess] [Thread-1] - [0, 0, 0, 0, 0, 0, 0, 0, 0, 0, 0, 0, 0, 0, 0, 0, 0, 0, 0, 0]
2018-03-28 21:39:37,475 INFO [MainProcess] [Thread-1] - 商品索引:9
2018-03-28 21:39:37,475 INFO [MainProcess] [Thread-1] - 页码:10
2018-03-28 21:39:37,475 INFO [MainProcess] [Thread-1] - [0, 0, 0, 0]
2018-03-28 21:39:38,278 INFO [MainProcess] [Thread-1] - https://rate.tmall.com/list_detail_rate.htm?order=1&itemId=8671946868&sellerId=427933399&currentPage=1
2018-03-28 21:39:41,275 INFO [MainProcess] [Thread-1] - maxPage3
2018-03-28 21:39:45,552 INFO [MainProcess] [Thread-1] - 商品索引:10
2018-03-28 21:39:45,552 INFO [MainProcess] [Thread-1] - 页码:1
2018-03-28 21:39:45,552 INFO [MainProcess] [Thread-1] - [0, 0, 0, 0, 0, 0, 0, 0, 0, 0, 0, 0, 0, 0, 0, 0, 0, 0, 0, 0]
2018-03-28 21:40:00,050 INFO [MainProcess] [Thread-1] - 商品索引:10
2018-03-28 21:40:00,050 INFO [MainProcess] [Thread-1] - 页码:2
2018-03-28 21:40:00,050 INFO [MainProcess] [Thread-1] - [0, 0, 0, 0, 0, 0, 0, 0, 0, 0, 0, 0, 0, 0, 0, 0, 0, 0, 0, 0]
2018-03-28 21:40:05,112 INFO [MainProcess] [Thread-1] - 商品索引:10
2018-03-28 21:40:05,112 INFO [MainProcess] [Thread-1] - 页码:3
2018-03-28 21:40:05,112 INFO [MainProcess] [Thread-1] - [0, 0]
2018-03-28 21:40:06,116 INFO [MainProcess] [Thread-1] - https://rate.tmall.com/list_detail_rate.htm?order=1&itemId=8671992588&sellerId=427933399&currentPage=1
2018-03-28 21:40:09,149 INFO [MainProcess] [Thread-1] - maxPage12
2018-03-28 21:40:13,173 INFO [MainProcess] [Thread-1] - 商品索引:11
2018-03-28 21:40:13,173 INFO [MainProcess] [Thread-1] - 页码:1
2018-03-28 21:40:13,173 INFO [MainProcess] [Thread-1] - [0, 0, 0, 0, 0, 0, 0, 0, 0, 0, 0, 0, 0, 0, 0, 0, 0, 0, 0, 0]
2018-03-28 21:40:18,334 INFO [MainProcess] [Thread-1] - 商品索引:11
2018-03-28 21:40:18,335 INFO [MainProcess] [Thread-1] - 页码:2
2018-03-28 21:40:18,335 INFO [MainProcess] [Thread-1] - [0, 0, 0, 0, 0, 0, 0, 0, 0, 0, 0, 0, 0, 0, 0, 0, 0, 0, 0, 0]
2018-03-28 21:40:22,937 INFO [MainProcess] [Thread-1] - 商品索引:11
2018-03-28 21:40:22,938 INFO [MainProcess] [Thread-1] - 页码:3
2018-03-28 21:40:22,938 INFO [MainProcess] [Thread-1] - [0, 0, 0, 0, 0, 0, 0, 0, 0, 0, 0, 0, 0, 0, 0, 0, 0, 0, 0, 0]
2018-03-28 21:40:34,184 INFO [MainProcess] [Thread-1] - 商品索引:11
2018-03-28 21:40:34,184 INFO [MainProcess] [Thread-1] - 页码:4
2018-03-28 21:40:34,184 INFO [MainProcess] [Thread-1] - [0, 0, 0, 0, 0, 0, 0, 0, 0, 0, 0, 0, 0, 0, 0, 0, 0, 0, 0, 0]
2018-03-28 21:40:38,997 INFO [MainProcess] [Thread-1] - 商品索引:11
2018-03-28 21:40:38,997 INFO [MainProcess] [Thread-1] - 页码:5
2018-03-28 21:40:38,997 INFO [MainProcess] [Thread-1] - [0, 0, 0, 0, 0, 0, 0, 0, 0, 0, 0, 0, 0, 0, 0, 0, 0, 0, 0, 0]
2018-03-28 21:40:43,596 INFO [MainProcess] [Thread-1] - 商品索引:11
2018-03-28 21:40:43,596 INFO [MainProcess] [Thread-1] - 页码:6
2018-03-28 21:40:43,596 INFO [MainProcess] [Thread-1] - [0, 0, 0, 0, 0, 0, 0, 0, 0, 0, 0, 0, 0, 0, 0, 0, 0, 0, 0, 0]
2018-03-28 21:40:48,208 INFO [MainProcess] [Thread-1] - 商品索引:11
2018-03-28 21:40:48,208 INFO [MainProcess] [Thread-1] - 页码:7
2018-03-28 21:40:48,208 INFO [MainProcess] [Thread-1] - [0, 0, 0, 0, 0, 0, 0, 0, 0, 0, 0, 0, 0, 0, 0, 0, 0, 0, 0, 0]
2018-03-28 21:40:53,264 INFO [MainProcess] [Thread-1] - 商品索引:11
2018-03-28 21:40:53,264 INFO [MainProcess] [Thread-1] - 页码:8
2018-03-28 21:40:53,264 INFO [MainProcess] [Thread-1] - [0, 0, 0, 0, 0, 0, 0, 0, 0, 0, 0, 0, 0, 0, 0, 0, 0, 0, 0, 0]
2018-03-28 21:40:58,321 INFO [MainProcess] [Thread-1] - 商品索引:11
2018-03-28 21:40:58,321 INFO [MainProcess] [Thread-1] - 页码:9
2018-03-28 21:40:58,321 INFO [MainProcess] [Thread-1] - [0, 0, 0, 0, 0, 0, 0, 0, 0, 0, 0, 0, 0, 0, 0, 0, 0, 0, 0, 0]
2018-03-28 21:41:02,794 INFO [MainProcess] [Thread-1] - 商品索引:11
2018-03-28 21:41:02,794 INFO [MainProcess] [Thread-1] - 页码:10
2018-03-28 21:41:02,794 INFO [MainProcess] [Thread-1] - [0, 0, 0, 0, 0, 0, 0, 0, 0, 0, 0, 0, 0, 0, 0, 0, 0, 0, 0, 0]
2018-03-28 21:41:07,868 INFO [MainProcess] [Thread-1] - 商品索引:11
2018-03-28 21:41:07,868 INFO [MainProcess] [Thread-1] - 页码:11
2018-03-28 21:41:07,868 INFO [MainProcess] [Thread-1] - [0, 0, 0, 0, 0, 0, 0, 0, 0, 0, 0, 0, 0, 0, 0, 0, 0, 0, 0, 0]
2018-03-28 21:41:12,417 INFO [MainProcess] [Thread-1] - 商品索引:11
2018-03-28 21:41:12,417 INFO [MainProcess] [Thread-1] - 页码:12
2018-03-28 21:41:12,417 INFO [MainProcess] [Thread-1] - [0, 0, 0, 0, 0, 0, 0, 0]
2018-03-28 21:41:13,221 INFO [MainProcess] [Thread-1] - https://rate.tmall.com/list_detail_rate.htm?order=1&itemId=10397299991&sellerId=393775620&currentPage=1
2018-03-28 21:41:16,201 INFO [MainProcess] [Thread-1] - maxPage7
2018-03-28 21:41:20,190 INFO [MainProcess] [Thread-1] - 商品索引:12
2018-03-28 21:41:20,190 INFO [MainProcess] [Thread-1] - 页码:1
2018-03-28 21:41:20,190 INFO [MainProcess] [Thread-1] - [0, 0, 0, 0, 0, 0, 0, 0, 0, 0, 0, 0, 0, 0, 0, 0, 0, 0, 0, 0]
2018-03-28 21:41:25,068 INFO [MainProcess] [Thread-1] - 商品索引:12
2018-03-28 21:41:25,068 INFO [MainProcess] [Thread-1] - 页码:2
2018-03-28 21:41:25,068 INFO [MainProcess] [Thread-1] - [0, 0, 0, 0, 0, 0, 0, 0, 0, 0, 0, 0, 0, 0, 0, 0, 0, 0, 0, 0]
2018-03-28 21:41:29,631 INFO [MainProcess] [Thread-1] - 商品索引:12
2018-03-28 21:41:29,631 INFO [MainProcess] [Thread-1] - 页码:3
2018-03-28 21:41:29,631 INFO [MainProcess] [Thread-1] - [0, 0, 0, 0, 0, 0, 0, 0, 0, 0, 0, 0, 0, 0, 0, 0, 0, 0, 0, 0]
2018-03-28 21:41:34,199 INFO [MainProcess] [Thread-1] - 商品索引:12
2018-03-28 21:41:34,199 INFO [MainProcess] [Thread-1] - 页码:4
2018-03-28 21:41:34,199 INFO [MainProcess] [Thread-1] - [0, 0, 0, 0, 0, 0, 0, 0, 0, 0, 0, 0, 0, 0, 0, 0, 0, 0, 0, 0]
2018-03-28 21:41:39,078 INFO [MainProcess] [Thread-1] - 商品索引:12
2018-03-28 21:41:39,078 INFO [MainProcess] [Thread-1] - 页码:5
2018-03-28 21:41:39,079 INFO [MainProcess] [Thread-1] - [0, 0, 0, 0, 0, 0, 0, 0, 0, 0, 0, 0, 0, 0, 0, 0, 0, 0, 0, 0]
2018-03-28 21:41:50,584 INFO [MainProcess] [Thread-1] - 商品索引:12
2018-03-28 21:41:50,584 INFO [MainProcess] [Thread-1] - 页码:6
2018-03-28 21:41:50,584 INFO [MainProcess] [Thread-1] - [0, 0, 0, 0, 0, 0, 0, 0, 0, 0, 0, 0, 0, 0, 0, 0, 0, 0, 0, 0]
2018-03-28 21:41:55,575 INFO [MainProcess] [Thread-1] - 商品索引:12
2018-03-28 21:41:55,575 INFO [MainProcess] [Thread-1] - 页码:7
2018-03-28 21:41:55,575 INFO [MainProcess] [Thread-1] - [0, 0, 0, 0, 0, 0]
2018-03-28 21:41:56,579 INFO [MainProcess] [Thread-1] - https://rate.tmall.com/list_detail_rate.htm?order=1&itemId=10517059320&sellerId=707960024&currentPage=1
2018-03-28 21:41:59,614 INFO [MainProcess] [Thread-1] - maxPage99
2018-03-28 21:42:03,779 INFO [MainProcess] [Thread-1] - 商品索引:13
2018-03-28 21:42:03,779 INFO [MainProcess] [Thread-1] - 页码:1
2018-03-28 21:42:03,779 INFO [MainProcess] [Thread-1] - [0, 0, 0, 0, 0, 0, 0, 0, 0, 0, 0, 0, 0, 0, 0, 0, 0, 0, 0, 0]
2018-03-28 21:42:08,807 INFO [MainProcess] [Thread-1] - 商品索引:13
2018-03-28 21:42:08,807 INFO [MainProcess] [Thread-1] - 页码:2
2018-03-28 21:42:08,807 INFO [MainProcess] [Thread-1] - [0, 0, 0, 0, 0, 0, 0, 0, 0, 0, 0, 0, 0, 0, 0, 0, 0, 0, 0, 0]
2018-03-28 21:42:13,452 INFO [MainProcess] [Thread-1] - 商品索引:13
2018-03-28 21:42:13,452 INFO [MainProcess] [Thread-1] - 页码:3
2018-03-28 21:42:13,452 INFO [MainProcess] [Thread-1] - [0, 0, 0, 0, 0, 0, 0, 0, 0, 0, 0, 0, 0, 0, 0, 0, 0, 0, 0, 0]
2018-03-28 21:42:18,245 INFO [MainProcess] [Thread-1] - 商品索引:13
2018-03-28 21:42:18,246 INFO [MainProcess] [Thread-1] - 页码:4
2018-03-28 21:42:18,246 INFO [MainProcess] [Thread-1] - [0, 0, 0, 0, 0, 0, 0, 0, 0, 0, 0, 0, 0, 0, 0, 0, 0, 0, 0, 0]
2018-03-28 21:42:23,157 INFO [MainProcess] [Thread-1] - 商品索引:13
2018-03-28 21:42:23,158 INFO [MainProcess] [Thread-1] - 页码:5
2018-03-28 21:42:23,158 INFO [MainProcess] [Thread-1] - [0, 0, 0, 0, 0, 0, 0, 0, 0, 0, 0, 0, 0, 0, 0, 0, 0, 0, 0, 0]
2018-03-28 21:42:27,746 INFO [MainProcess] [Thread-1] - 商品索引:13
2018-03-28 21:42:27,746 INFO [MainProcess] [Thread-1] - 页码:6
2018-03-28 21:42:27,746 INFO [MainProcess] [Thread-1] - [0, 0, 0, 0, 0, 0, 0, 0, 0, 0, 0, 0, 0, 0, 0, 0, 0, 0, 0, 0]
2018-03-28 21:42:32,253 INFO [MainProcess] [Thread-1] - 商品索引:13
2018-03-28 21:42:32,253 INFO [MainProcess] [Thread-1] - 页码:7
2018-03-28 21:42:32,253 INFO [MainProcess] [Thread-1] - [0, 0, 0, 0, 0, 0, 0, 0, 0, 0, 0, 0, 0, 0, 0, 0, 0, 0, 0, 0]
2018-03-28 21:42:37,993 INFO [MainProcess] [Thread-1] - 商品索引:13
2018-03-28 21:42:37,993 INFO [MainProcess] [Thread-1] - 页码:8
2018-03-28 21:42:37,993 INFO [MainProcess] [Thread-1] - [0, 0, 0, 0, 0, 0, 0, 0, 0, 0, 0, 0, 0, 0, 0, 0, 0, 0, 0, 0]
2018-03-28 21:42:42,801 INFO [MainProcess] [Thread-1] - 商品索引:13
2018-03-28 21:42:42,801 INFO [MainProcess] [Thread-1] - 页码:9
2018-03-28 21:42:42,801 INFO [MainProcess] [Thread-1] - [0, 0, 0, 0, 0, 0, 0, 0, 0, 0, 0, 0, 0, 0, 0, 0, 0, 0, 0, 0]
2018-03-28 21:42:53,760 INFO [MainProcess] [Thread-1] - 商品索引:13
2018-03-28 21:42:53,760 INFO [MainProcess] [Thread-1] - 页码:10
2018-03-28 21:42:53,760 INFO [MainProcess] [Thread-1] - [0, 0, 0, 0, 0, 0, 0, 0, 0, 0, 0, 0, 0, 0, 0, 0, 0, 0, 0, 0]
2018-03-28 21:43:06,599 INFO [MainProcess] [Thread-1] - 商品索引:13
2018-03-28 21:43:06,599 INFO [MainProcess] [Thread-1] - 页码:11
2018-03-28 21:43:06,599 INFO [MainProcess] [Thread-1] - [0, 0, 0, 0, 0, 0, 0, 0, 0, 0, 0, 0, 0, 0, 0, 0, 0, 0, 0, 0]
2018-03-28 21:43:11,939 INFO [MainProcess] [Thread-1] - 商品索引:13
2018-03-28 21:43:11,939 INFO [MainProcess] [Thread-1] - 页码:12
2018-03-28 21:43:11,939 INFO [MainProcess] [Thread-1] - [0, 0, 0, 0, 0, 0, 0, 0, 0, 0, 0, 0, 0, 0, 0, 0, 0, 0, 0, 0]
2018-03-28 21:43:17,601 INFO [MainProcess] [Thread-1] - 商品索引:13
2018-03-28 21:43:17,601 INFO [MainProcess] [Thread-1] - 页码:13
2018-03-28 21:43:17,601 INFO [MainProcess] [Thread-1] - [0, 0, 0, 0, 0, 0, 0, 0, 0, 0, 0, 0, 0, 0, 0, 0, 0, 0, 0, 0]
2018-03-28 21:43:22,393 INFO [MainProcess] [Thread-1] - 商品索引:13
2018-03-28 21:43:22,393 INFO [MainProcess] [Thread-1] - 页码:14
2018-03-28 21:43:22,393 INFO [MainProcess] [Thread-1] - [0, 0, 0, 0, 0, 0, 0, 0, 0, 0, 0, 0, 0, 0, 0, 0, 0, 0, 0, 0]
2018-03-28 21:43:27,313 INFO [MainProcess] [Thread-1] - 商品索引:13
2018-03-28 21:43:27,313 INFO [MainProcess] [Thread-1] - 页码:15
2018-03-28 21:43:27,313 INFO [MainProcess] [Thread-1] - [0, 0, 0, 0, 0, 0, 0, 0, 0, 0, 0, 0, 0, 0, 0, 0, 0, 0, 0, 0]
2018-03-28 21:43:31,928 INFO [MainProcess] [Thread-1] - 商品索引:13
2018-03-28 21:43:31,928 INFO [MainProcess] [Thread-1] - 页码:16
2018-03-28 21:43:31,928 INFO [MainProcess] [Thread-1] - [0, 0, 0, 0, 0, 0, 0, 0, 0, 0, 0, 0, 0, 0, 0, 0, 0, 0, 0, 0]
2018-03-28 21:43:37,880 INFO [MainProcess] [Thread-1] - 商品索引:13
2018-03-28 21:43:37,880 INFO [MainProcess] [Thread-1] - 页码:17
2018-03-28 21:43:37,880 INFO [MainProcess] [Thread-1] - [0, 0, 0, 0, 0, 0, 0, 0, 0, 0, 0, 0, 0, 0, 0, 0, 0, 0, 0, 0]
2018-03-28 21:43:42,834 INFO [MainProcess] [Thread-1] - 商品索引:13
2018-03-28 21:43:42,835 INFO [MainProcess] [Thread-1] - 页码:18
2018-03-28 21:43:42,835 INFO [MainProcess] [Thread-1] - [0, 0, 0, 0, 0, 0, 0, 0, 0, 0, 0, 0, 0, 0, 0, 0, 0, 0, 0, 0]
2018-03-28 21:43:47,557 INFO [MainProcess] [Thread-1] - 商品索引:13
2018-03-28 21:43:47,557 INFO [MainProcess] [Thread-1] - 页码:19
2018-03-28 21:43:47,557 INFO [MainProcess] [Thread-1] - [0, 0, 0, 0, 0, 0, 0, 0, 0, 0, 0, 0, 0, 0, 0, 0, 0, 0, 0, 0]
2018-03-28 21:43:52,239 INFO [MainProcess] [Thread-1] - 商品索引:13
2018-03-28 21:43:52,239 INFO [MainProcess] [Thread-1] - 页码:20
2018-03-28 21:43:52,239 INFO [MainProcess] [Thread-1] - [0, 0, 0, 0, 0, 0, 0, 0, 0, 0, 0, 0, 0, 0, 0, 0, 0, 0, 0, 0]
2018-03-28 21:43:57,753 INFO [MainProcess] [Thread-1] - 商品索引:13
2018-03-28 21:43:57,753 INFO [MainProcess] [Thread-1] - 页码:21
2018-03-28 21:43:57,753 INFO [MainProcess] [Thread-1] - [0, 0, 0, 0, 0, 0, 0, 0, 0, 0, 0, 0, 0, 0, 0, 0, 0, 0, 0, 0]
2018-03-28 21:44:02,499 INFO [MainProcess] [Thread-1] - 商品索引:13
2018-03-28 21:44:02,499 INFO [MainProcess] [Thread-1] - 页码:22
2018-03-28 21:44:02,499 INFO [MainProcess] [Thread-1] - [0, 0, 0, 0, 0, 0, 0, 0, 0, 0, 0, 0, 0, 0, 0, 0, 0, 0, 0, 0]
2018-03-28 21:44:07,626 INFO [MainProcess] [Thread-1] - 商品索引:13
2018-03-28 21:44:07,626 INFO [MainProcess] [Thread-1] - 页码:23
2018-03-28 21:44:07,626 INFO [MainProcess] [Thread-1] - [0, 0, 0, 0, 0, 0, 0, 0, 0, 0, 0, 0, 0, 0, 0, 0, 0, 0, 0, 0]
2018-03-28 21:44:12,672 INFO [MainProcess] [Thread-1] - 商品索引:13
2018-03-28 21:44:12,672 INFO [MainProcess] [Thread-1] - 页码:24
2018-03-28 21:44:12,672 INFO [MainProcess] [Thread-1] - [0, 0, 0, 0, 0, 0, 0, 0, 0, 0, 0, 0, 0, 0, 0, 0, 0, 0, 0, 0]
2018-03-28 21:44:17,241 INFO [MainProcess] [Thread-1] - 商品索引:13
2018-03-28 21:44:17,241 INFO [MainProcess] [Thread-1] - 页码:25
2018-03-28 21:44:17,241 INFO [MainProcess] [Thread-1] - [0, 0, 0, 0, 0, 0, 0, 0, 0, 0, 0, 0, 0, 0, 0, 0, 0, 0, 0, 0]
2018-03-28 21:44:22,078 INFO [MainProcess] [Thread-1] - 商品索引:13
2018-03-28 21:44:22,078 INFO [MainProcess] [Thread-1] - 页码:26
2018-03-28 21:44:22,078 INFO [MainProcess] [Thread-1] - [0, 0, 0, 0, 0, 0, 0, 0, 0, 0, 0, 0, 0, 0, 0, 0, 0, 0, 0, 0]
2018-03-28 21:44:33,231 INFO [MainProcess] [Thread-1] - 商品索引:13
2018-03-28 21:44:33,231 INFO [MainProcess] [Thread-1] - 页码:27
2018-03-28 21:44:33,231 INFO [MainProcess] [Thread-1] - [0, 0, 0, 0, 0, 0, 0, 0, 0, 0, 0, 0, 0, 0, 0, 0, 0, 0, 0, 0]
2018-03-28 21:44:38,360 INFO [MainProcess] [Thread-1] - 商品索引:13
2018-03-28 21:44:38,361 INFO [MainProcess] [Thread-1] - 页码:28
2018-03-28 21:44:38,361 INFO [MainProcess] [Thread-1] - [0, 0, 0, 0, 0, 0, 0, 0, 0, 0, 0, 0, 0, 0, 0, 0, 0, 0, 0, 0]
2018-03-28 21:44:43,059 INFO [MainProcess] [Thread-1] - 商品索引:13
2018-03-28 21:44:43,060 INFO [MainProcess] [Thread-1] - 页码:29
2018-03-28 21:44:43,060 INFO [MainProcess] [Thread-1] - [0, 0, 0, 0, 0, 0, 0, 0, 0, 0, 0, 0, 0, 0, 0, 0, 0, 0, 0, 0]
2018-03-28 21:44:48,135 INFO [MainProcess] [Thread-1] - 商品索引:13
2018-03-28 21:44:48,135 INFO [MainProcess] [Thread-1] - 页码:30
2018-03-28 21:44:48,135 INFO [MainProcess] [Thread-1] - [0, 0, 0, 0, 0, 0, 0, 0, 0, 0, 0, 0, 0, 0, 0, 0, 0, 0, 0, 0]
2018-03-28 21:44:58,882 INFO [MainProcess] [Thread-1] - 商品索引:13
2018-03-28 21:44:58,882 INFO [MainProcess] [Thread-1] - 页码:31
2018-03-28 21:44:58,882 INFO [MainProcess] [Thread-1] - [0, 0, 0, 0, 0, 0, 0, 0, 0, 0, 0, 0, 0, 0, 0, 0, 0, 0, 0, 0]
2018-03-28 21:45:03,839 INFO [MainProcess] [Thread-1] - 商品索引:13
2018-03-28 21:45:03,839 INFO [MainProcess] [Thread-1] - 页码:32
2018-03-28 21:45:03,839 INFO [MainProcess] [Thread-1] - [0, 0, 0, 0, 0, 0, 0, 0, 0, 0, 0, 0, 0, 0, 0, 0, 0, 0, 0, 0]
2018-03-28 21:45:08,946 INFO [MainProcess] [Thread-1] - 商品索引:13
2018-03-28 21:45:08,946 INFO [MainProcess] [Thread-1] - 页码:33
2018-03-28 21:45:08,946 INFO [MainProcess] [Thread-1] - [0, 0, 0, 0, 0, 0, 0, 0, 0, 0, 0, 0, 0, 0, 0, 0, 0, 0, 0, 0]
2018-03-28 21:45:13,592 INFO [MainProcess] [Thread-1] - 商品索引:13
2018-03-28 21:45:13,592 INFO [MainProcess] [Thread-1] - 页码:34
2018-03-28 21:45:13,592 INFO [MainProcess] [Thread-1] - [0, 0, 0, 0, 0, 0, 0, 0, 0, 0, 0, 0, 0, 0, 0, 0, 0, 0, 0, 0]
2018-03-28 21:45:24,254 INFO [MainProcess] [Thread-1] - 商品索引:13
2018-03-28 21:45:24,254 INFO [MainProcess] [Thread-1] - 页码:35
2018-03-28 21:45:24,254 INFO [MainProcess] [Thread-1] - [0, 0, 0, 0, 0, 0, 0, 0, 0, 0, 0, 0, 0, 0, 0, 0, 0, 0, 0, 0]
2018-03-28 21:45:28,972 INFO [MainProcess] [Thread-1] - 商品索引:13
2018-03-28 21:45:28,972 INFO [MainProcess] [Thread-1] - 页码:36
2018-03-28 21:45:28,972 INFO [MainProcess] [Thread-1] - [0, 0, 0, 0, 0, 0, 0, 0, 0, 0, 0, 0, 0, 0, 0, 0, 0, 0, 0, 0]
2018-03-28 21:45:33,936 INFO [MainProcess] [Thread-1] - 商品索引:13
2018-03-28 21:45:33,937 INFO [MainProcess] [Thread-1] - 页码:37
2018-03-28 21:45:33,937 INFO [MainProcess] [Thread-1] - [0, 0, 0, 0, 0, 0, 0, 0, 0, 0, 0, 0, 0, 0, 0, 0, 0, 0, 0, 0]
2018-03-28 21:45:45,362 INFO [MainProcess] [Thread-1] - 商品索引:13
2018-03-28 21:45:45,362 INFO [MainProcess] [Thread-1] - 页码:38
2018-03-28 21:45:45,362 INFO [MainProcess] [Thread-1] - [0, 0, 0, 0, 0, 0, 0, 0, 0, 0, 0, 0, 0, 0, 0, 0, 0, 0, 0, 0]
2018-03-28 21:45:50,786 INFO [MainProcess] [Thread-1] - 商品索引:13
2018-03-28 21:45:50,786 INFO [MainProcess] [Thread-1] - 页码:39
2018-03-28 21:45:50,786 INFO [MainProcess] [Thread-1] - [0, 0, 0, 0, 0, 0, 0, 0, 0, 0, 0, 0, 0, 0, 0, 0, 0, 0, 0, 0]
2018-03-28 21:45:55,432 INFO [MainProcess] [Thread-1] - 商品索引:13
2018-03-28 21:45:55,432 INFO [MainProcess] [Thread-1] - 页码:40
2018-03-28 21:45:55,432 INFO [MainProcess] [Thread-1] - [0, 0, 0, 0, 0, 0, 0, 0, 0, 0, 0, 0, 0, 0, 0, 0, 0, 0, 0, 0]
2018-03-28 21:46:00,485 INFO [MainProcess] [Thread-1] - 商品索引:13
2018-03-28 21:46:00,485 INFO [MainProcess] [Thread-1] - 页码:41
2018-03-28 21:46:00,485 INFO [MainProcess] [Thread-1] - [0, 0, 0, 0, 0, 0, 0, 0, 0, 0, 0, 0, 0, 0, 0, 0, 0, 0, 0, 0]
2018-03-28 21:46:05,293 INFO [MainProcess] [Thread-1] - 商品索引:13
2018-03-28 21:46:05,294 INFO [MainProcess] [Thread-1] - 页码:42
2018-03-28 21:46:05,294 INFO [MainProcess] [Thread-1] - [0, 0, 0, 0, 0, 0, 0, 0, 0, 0, 0, 0, 0, 0, 0, 0, 0, 0, 0, 0]
2018-03-28 21:46:10,084 INFO [MainProcess] [Thread-1] - 商品索引:13
2018-03-28 21:46:10,084 INFO [MainProcess] [Thread-1] - 页码:43
2018-03-28 21:46:10,084 INFO [MainProcess] [Thread-1] - [0, 0, 0, 0, 0, 0, 0, 0, 0, 0, 0, 0, 0, 0, 0, 0, 0, 0, 0, 0]
2018-03-28 21:46:14,922 INFO [MainProcess] [Thread-1] - 商品索引:13
2018-03-28 21:46:14,923 INFO [MainProcess] [Thread-1] - 页码:44
2018-03-28 21:46:14,923 INFO [MainProcess] [Thread-1] - [0, 0, 0, 0, 0, 0, 0, 0, 0, 0, 0, 0, 0, 0, 0, 0, 0, 0, 0, 0]
2018-03-28 21:46:19,876 INFO [MainProcess] [Thread-1] - 商品索引:13
2018-03-28 21:46:19,876 INFO [MainProcess] [Thread-1] - 页码:45
2018-03-28 21:46:19,876 INFO [MainProcess] [Thread-1] - [0, 0, 0, 0, 0, 0, 0, 0, 0, 0, 0, 0, 0, 0, 0, 0, 0, 0, 0, 0]
2018-03-28 21:46:24,930 INFO [MainProcess] [Thread-1] - 商品索引:13
2018-03-28 21:46:24,930 INFO [MainProcess] [Thread-1] - 页码:46
2018-03-28 21:46:24,930 INFO [MainProcess] [Thread-1] - [0, 0, 0, 0, 0, 0, 0, 0, 0, 0, 0, 0, 0, 0, 0, 0, 0, 0, 0, 0]
2018-03-28 21:46:29,778 INFO [MainProcess] [Thread-1] - 商品索引:13
2018-03-28 21:46:29,778 INFO [MainProcess] [Thread-1] - 页码:47
2018-03-28 21:46:29,778 INFO [MainProcess] [Thread-1] - [0, 0, 0, 0, 0, 0, 0, 0, 0, 0, 0, 0, 0, 0, 0, 0, 0, 0, 0, 0]
2018-03-28 21:46:34,765 INFO [MainProcess] [Thread-1] - 商品索引:13
2018-03-28 21:46:34,765 INFO [MainProcess] [Thread-1] - 页码:48
2018-03-28 21:46:34,765 INFO [MainProcess] [Thread-1] - [0, 0, 0, 0, 0, 0, 0, 0, 0, 0, 0, 0, 0, 0, 0, 0, 0, 0, 0, 0]
2018-03-28 21:46:39,805 INFO [MainProcess] [Thread-1] - 商品索引:13
2018-03-28 21:46:39,805 INFO [MainProcess] [Thread-1] - 页码:49
2018-03-28 21:46:39,805 INFO [MainProcess] [Thread-1] - [0, 0, 0, 0, 0, 0, 0, 0, 0, 0, 0, 0, 0, 0, 0, 0, 0, 0, 0, 0]
2018-03-28 21:46:44,998 INFO [MainProcess] [Thread-1] - 商品索引:13
2018-03-28 21:46:44,998 INFO [MainProcess] [Thread-1] - 页码:50
2018-03-28 21:46:44,998 INFO [MainProcess] [Thread-1] - [0, 0, 0, 0, 0, 0, 0, 0, 0, 0, 0, 0, 0, 0, 0, 0, 0, 0, 0, 0]
2018-03-28 21:46:55,913 INFO [MainProcess] [Thread-1] - 商品索引:13
2018-03-28 21:46:55,913 INFO [MainProcess] [Thread-1] - 页码:51
2018-03-28 21:46:55,913 INFO [MainProcess] [Thread-1] - [0, 0, 0, 0, 0, 0, 0, 0, 0, 0, 0, 0, 0, 0, 0, 0, 0, 0, 0, 0]
2018-03-28 21:47:00,781 INFO [MainProcess] [Thread-1] - 商品索引:13
2018-03-28 21:47:00,781 INFO [MainProcess] [Thread-1] - 页码:52
2018-03-28 21:47:00,781 INFO [MainProcess] [Thread-1] - [0, 0, 0, 0, 0, 0, 0, 0, 0, 0, 0, 0, 0, 0, 0, 0, 0, 0, 0, 0]
2018-03-28 21:47:05,890 INFO [MainProcess] [Thread-1] - 商品索引:13
2018-03-28 21:47:05,891 INFO [MainProcess] [Thread-1] - 页码:53
2018-03-28 21:47:05,891 INFO [MainProcess] [Thread-1] - [0, 0, 0, 0, 0, 0, 0, 0, 0, 0, 0, 0, 0, 0, 0, 0, 0, 0, 0, 0]
2018-03-28 21:47:10,941 INFO [MainProcess] [Thread-1] - 商品索引:13
2018-03-28 21:47:10,941 INFO [MainProcess] [Thread-1] - 页码:54
2018-03-28 21:47:10,942 INFO [MainProcess] [Thread-1] - [0, 0, 0, 0, 0, 0, 0, 0, 0, 0, 0, 0, 0, 0, 0, 0, 0, 0, 0, 0]
2018-03-28 21:47:15,857 INFO [MainProcess] [Thread-1] - 商品索引:13
2018-03-28 21:47:15,857 INFO [MainProcess] [Thread-1] - 页码:55
2018-03-28 21:47:15,857 INFO [MainProcess] [Thread-1] - [0, 0, 0, 0, 0, 0, 0, 0, 0, 0, 0, 0, 0, 0, 0, 0, 0, 0, 0, 0]
2018-03-28 21:47:20,532 INFO [MainProcess] [Thread-1] - 商品索引:13
2018-03-28 21:47:20,532 INFO [MainProcess] [Thread-1] - 页码:56
2018-03-28 21:47:20,532 INFO [MainProcess] [Thread-1] - [0, 0, 0, 0, 0, 0, 0, 0, 0, 0, 0, 0, 0, 0, 0, 0, 0, 0, 0, 0]
2018-03-28 21:47:25,230 INFO [MainProcess] [Thread-1] - 商品索引:13
2018-03-28 21:47:25,230 INFO [MainProcess] [Thread-1] - 页码:57
2018-03-28 21:47:25,230 INFO [MainProcess] [Thread-1] - [0, 0, 0, 0, 0, 0, 0, 0, 0, 0, 0, 0, 0, 0, 0, 0, 0, 0, 0, 0]
2018-03-28 21:47:30,202 INFO [MainProcess] [Thread-1] - 商品索引:13
2018-03-28 21:47:30,202 INFO [MainProcess] [Thread-1] - 页码:58
2018-03-28 21:47:30,202 INFO [MainProcess] [Thread-1] - [0, 0, 0, 0, 0, 0, 0, 0, 0, 0, 0, 0, 0, 0, 0, 0, 0, 0, 0, 0]
2018-03-28 21:47:35,251 INFO [MainProcess] [Thread-1] - 商品索引:13
2018-03-28 21:47:35,251 INFO [MainProcess] [Thread-1] - 页码:59
2018-03-28 21:47:35,251 INFO [MainProcess] [Thread-1] - [0, 0, 0, 0, 0, 0, 0, 0, 0, 0, 0, 0, 0, 0, 0, 0, 0, 0, 0, 0]
2018-03-28 21:47:39,893 INFO [MainProcess] [Thread-1] - 商品索引:13
2018-03-28 21:47:39,893 INFO [MainProcess] [Thread-1] - 页码:60
2018-03-28 21:47:39,893 INFO [MainProcess] [Thread-1] - [0, 0, 0, 0, 0, 0, 0, 0, 0, 0, 0, 0, 0, 0, 0, 0, 0, 0, 0, 0]
2018-03-28 21:47:44,435 INFO [MainProcess] [Thread-1] - 商品索引:13
2018-03-28 21:47:44,435 INFO [MainProcess] [Thread-1] - 页码:61
2018-03-28 21:47:44,436 INFO [MainProcess] [Thread-1] - [0, 0, 0, 0, 0, 0, 0, 0, 0, 0, 0, 0, 0, 0, 0, 0, 0, 0, 0, 0]
2018-03-28 21:47:49,451 INFO [MainProcess] [Thread-1] - 商品索引:13
2018-03-28 21:47:49,451 INFO [MainProcess] [Thread-1] - 页码:62
2018-03-28 21:47:49,451 INFO [MainProcess] [Thread-1] - [0, 0, 0, 0, 0, 0, 0, 0, 0, 0, 0, 0, 0, 0, 0, 0, 0, 0, 0, 0]
2018-03-28 21:48:00,700 INFO [MainProcess] [Thread-1] - 商品索引:13
2018-03-28 21:48:00,701 INFO [MainProcess] [Thread-1] - 页码:63
2018-03-28 21:48:00,703 INFO [MainProcess] [Thread-1] - [0, 0, 0, 0, 0, 0, 0, 0, 0, 0, 0, 0, 0, 0, 0, 0, 0, 0, 0, 0]
2018-03-28 21:48:05,659 INFO [MainProcess] [Thread-1] - 商品索引:13
2018-03-28 21:48:05,659 INFO [MainProcess] [Thread-1] - 页码:64
2018-03-28 21:48:05,659 INFO [MainProcess] [Thread-1] - [0, 0, 0, 0, 0, 0, 0, 0, 0, 0, 0, 0, 0, 0, 0, 0, 0, 0, 0, 0]
2018-03-28 21:48:10,828 INFO [MainProcess] [Thread-1] - 商品索引:13
2018-03-28 21:48:10,828 INFO [MainProcess] [Thread-1] - 页码:65
2018-03-28 21:48:10,828 INFO [MainProcess] [Thread-1] - [0, 0, 0, 0, 0, 0, 0, 0, 0, 0, 0, 0, 0, 0, 0, 0, 0, 0, 0, 0]
2018-03-28 21:48:15,771 INFO [MainProcess] [Thread-1] - 商品索引:13
2018-03-28 21:48:15,771 INFO [MainProcess] [Thread-1] - 页码:66
2018-03-28 21:48:15,771 INFO [MainProcess] [Thread-1] - [0, 0, 0, 0, 0, 0, 0, 0, 0, 0, 0, 0, 0, 0, 0, 0, 0, 0, 0, 0]
2018-03-28 21:48:20,675 INFO [MainProcess] [Thread-1] - 商品索引:13
2018-03-28 21:48:20,675 INFO [MainProcess] [Thread-1] - 页码:67
2018-03-28 21:48:20,675 INFO [MainProcess] [Thread-1] - [0, 0, 0, 0, 0, 0, 0, 0, 0, 0, 0, 0, 0, 0, 0, 0, 0, 0, 0, 0]
2018-03-28 21:48:25,366 INFO [MainProcess] [Thread-1] - 商品索引:13
2018-03-28 21:48:25,366 INFO [MainProcess] [Thread-1] - 页码:68
2018-03-28 21:48:25,366 INFO [MainProcess] [Thread-1] - [0, 0, 0, 0, 0, 0, 0, 0, 0, 0, 0, 0, 0, 0, 0, 0, 0, 0, 0, 0]
2018-03-28 21:48:30,573 INFO [MainProcess] [Thread-1] - 商品索引:13
2018-03-28 21:48:30,573 INFO [MainProcess] [Thread-1] - 页码:69
2018-03-28 21:48:30,573 INFO [MainProcess] [Thread-1] - [0, 0, 0, 0, 0, 0, 0, 0, 0, 0, 0, 0, 0, 0, 0, 0, 0, 0, 0, 0]
2018-03-28 21:48:35,511 INFO [MainProcess] [Thread-1] - 商品索引:13
2018-03-28 21:48:35,511 INFO [MainProcess] [Thread-1] - 页码:70
2018-03-28 21:48:35,511 INFO [MainProcess] [Thread-1] - [0, 0, 0, 0, 0, 0, 0, 0, 0, 0, 0, 0, 0, 0, 0, 0, 0, 0, 0, 0]
2018-03-28 21:48:40,509 INFO [MainProcess] [Thread-1] - 商品索引:13
2018-03-28 21:48:40,509 INFO [MainProcess] [Thread-1] - 页码:71
2018-03-28 21:48:40,509 INFO [MainProcess] [Thread-1] - [0, 0, 0, 0, 0, 0, 0, 0, 0, 0, 0, 0, 0, 0, 0, 0, 0, 0, 0, 0]
2018-03-28 21:48:45,659 INFO [MainProcess] [Thread-1] - 商品索引:13
2018-03-28 21:48:45,659 INFO [MainProcess] [Thread-1] - 页码:72
2018-03-28 21:48:45,659 INFO [MainProcess] [Thread-1] - [0, 0, 0, 0, 0, 0, 0, 0, 0, 0, 0, 0, 0, 0, 0, 0, 0, 0, 0, 0]
2018-03-28 21:48:50,565 INFO [MainProcess] [Thread-1] - 商品索引:13
2018-03-28 21:48:50,565 INFO [MainProcess] [Thread-1] - 页码:73
2018-03-28 21:48:50,565 INFO [MainProcess] [Thread-1] - [0, 0, 0, 0, 0, 0, 0, 0, 0, 0, 0, 0, 0, 0, 0, 0, 0, 0, 0, 0]
2018-03-28 21:48:55,782 INFO [MainProcess] [Thread-1] - 商品索引:13
2018-03-28 21:48:55,789 INFO [MainProcess] [Thread-1] - 页码:74
2018-03-28 21:48:55,790 INFO [MainProcess] [Thread-1] - [0, 0, 0, 0, 0, 0, 0, 0, 0, 0, 0, 0, 0, 0, 0, 0, 0, 0, 0, 0]
2018-03-28 21:49:00,863 INFO [MainProcess] [Thread-1] - 商品索引:13
2018-03-28 21:49:00,863 INFO [MainProcess] [Thread-1] - 页码:75
2018-03-28 21:49:00,863 INFO [MainProcess] [Thread-1] - [0, 0, 0, 0, 0, 0, 0, 0, 0, 0, 0, 0, 0, 0, 0, 0, 0, 0, 0, 0]
2018-03-28 21:49:05,952 INFO [MainProcess] [Thread-1] - 商品索引:13
2018-03-28 21:49:05,952 INFO [MainProcess] [Thread-1] - 页码:76
2018-03-28 21:49:05,954 INFO [MainProcess] [Thread-1] - [0, 0, 0, 0, 0, 0, 0, 0, 0, 0, 0, 0, 0, 0, 0, 0, 0, 0, 0, 0]
2018-03-28 21:49:10,965 INFO [MainProcess] [Thread-1] - 商品索引:13
2018-03-28 21:49:10,965 INFO [MainProcess] [Thread-1] - 页码:77
2018-03-28 21:49:10,966 INFO [MainProcess] [Thread-1] - [0, 0, 0, 0, 0, 0, 0, 0, 0, 0, 0, 0, 0, 0, 0, 0, 0, 0, 0, 0]
2018-03-28 21:49:16,005 INFO [MainProcess] [Thread-1] - 商品索引:13
2018-03-28 21:49:16,005 INFO [MainProcess] [Thread-1] - 页码:78
2018-03-28 21:49:16,005 INFO [MainProcess] [Thread-1] - [0, 0, 0, 0, 0, 0, 0, 0, 0, 0, 0, 0, 0, 0, 0, 0, 0, 0, 0, 0]
2018-03-28 21:49:27,297 INFO [MainProcess] [Thread-1] - 商品索引:13
2018-03-28 21:49:27,297 INFO [MainProcess] [Thread-1] - 页码:79
2018-03-28 21:49:27,297 INFO [MainProcess] [Thread-1] - [0, 0, 0, 0, 0, 0, 0, 0, 0, 0, 0, 0, 0, 0, 0, 0, 0, 0, 0, 0]
2018-03-28 21:49:31,967 INFO [MainProcess] [Thread-1] - 商品索引:13
2018-03-28 21:49:31,967 INFO [MainProcess] [Thread-1] - 页码:80
2018-03-28 21:49:31,967 INFO [MainProcess] [Thread-1] - [0, 0, 0, 0, 0, 0, 0, 0, 0, 0, 0, 0, 0, 0, 0, 0, 0, 0, 0, 0]
2018-03-28 21:49:36,911 INFO [MainProcess] [Thread-1] - 商品索引:13
2018-03-28 21:49:36,911 INFO [MainProcess] [Thread-1] - 页码:81
2018-03-28 21:49:36,911 INFO [MainProcess] [Thread-1] - [0, 0, 0, 0, 0, 0, 0, 0, 0, 0, 0, 0, 0, 0, 0, 0, 0, 0, 0, 0]
2018-03-28 21:49:42,024 INFO [MainProcess] [Thread-1] - 商品索引:13
2018-03-28 21:49:42,024 INFO [MainProcess] [Thread-1] - 页码:82
2018-03-28 21:49:42,025 INFO [MainProcess] [Thread-1] - [0, 0, 0, 0, 0, 0, 0, 0, 0, 0, 0, 0, 0, 0, 0, 0, 0, 0, 0, 0]
2018-03-28 21:49:46,874 INFO [MainProcess] [Thread-1] - 商品索引:13
2018-03-28 21:49:46,874 INFO [MainProcess] [Thread-1] - 页码:83
2018-03-28 21:49:46,875 INFO [MainProcess] [Thread-1] - [0, 0, 0, 0, 0, 0, 0, 0, 0, 0, 0, 0, 0, 0, 0, 0, 0, 0, 0, 0]
2018-03-28 21:49:52,504 INFO [MainProcess] [MainThread] - s_TM_XY_洗衣液
2018-03-28 21:49:52,517 INFO [MainProcess] [Thread-1] - log checking
2018-03-28 21:49:52,517 INFO [MainProcess] [Thread-1] - 5.642782926559448
2018-03-28 21:50:02,520 INFO [MainProcess] [Thread-1] - log checking
2018-03-28 21:50:02,520 INFO [MainProcess] [Thread-1] - 15.645502090454102
2018-03-28 21:50:12,523 INFO [MainProcess] [Thread-1] - log checking
2018-03-28 21:50:12,523 INFO [MainProcess] [Thread-1] - 25.648144006729126
2018-03-28 21:50:22,528 INFO [MainProcess] [Thread-1] - log checking
2018-03-28 21:50:22,529 INFO [MainProcess] [Thread-1] - 35.654364824295044
2018-03-28 21:50:23,815 INFO [MainProcess] [Thread-1] - https://rate.tmall.com/list_detail_rate.htm?order=1&itemId=10517059320&sellerId=707960024&currentPage=1
2018-03-28 21:50:32,879 INFO [MainProcess] [Thread-1] - maxPage99
2018-03-28 21:50:36,736 INFO [MainProcess] [Thread-1] - 商品索引:13
2018-03-28 21:50:36,736 INFO [MainProcess] [Thread-1] - 页码:84
2018-03-28 21:50:36,737 INFO [MainProcess] [Thread-1] - [1, 1, 1, 1, 1, 1, 1, 1, 1, 1, 1, 1, 1, 1, 1, 1, 1, 1, 1, 1]
2018-03-28 21:50:41,484 INFO [MainProcess] [Thread-1] - 商品索引:13
2018-03-28 21:50:41,484 INFO [MainProcess] [Thread-1] - 页码:85
2018-03-28 21:50:41,484 INFO [MainProcess] [Thread-1] - [0, 0, 0, 0, 0, 0, 0, 0, 0, 0, 0, 0, 0, 0, 0, 0, 0, 0, 0, 0]
2018-03-28 21:50:46,507 INFO [MainProcess] [Thread-1] - 商品索引:13
2018-03-28 21:50:46,507 INFO [MainProcess] [Thread-1] - 页码:86
2018-03-28 21:50:46,507 INFO [MainProcess] [Thread-1] - [0, 0, 0, 0, 0, 0, 0, 0, 0, 0, 0, 0, 0, 0, 0, 0, 0, 0, 0, 0]
2018-03-28 21:50:51,183 INFO [MainProcess] [Thread-1] - 商品索引:13
2018-03-28 21:50:51,183 INFO [MainProcess] [Thread-1] - 页码:87
2018-03-28 21:50:51,183 INFO [MainProcess] [Thread-1] - [0, 0, 0, 0, 0, 0, 0, 0, 0, 0, 0, 0, 0, 0, 0, 0, 0, 0, 0, 0]
2018-03-28 21:50:55,944 INFO [MainProcess] [Thread-1] - 商品索引:13
2018-03-28 21:50:55,944 INFO [MainProcess] [Thread-1] - 页码:88
2018-03-28 21:50:55,944 INFO [MainProcess] [Thread-1] - [0, 0, 0, 0, 0, 0, 0, 0, 0, 0, 0, 0, 0, 0, 0, 0, 0, 0, 0, 0]
2018-03-28 21:51:06,869 INFO [MainProcess] [Thread-1] - 商品索引:13
2018-03-28 21:51:06,869 INFO [MainProcess] [Thread-1] - 页码:89
2018-03-28 21:51:06,869 INFO [MainProcess] [Thread-1] - [0, 0, 0, 0, 0, 0, 0, 0, 0, 0, 0, 0, 0, 0, 0, 0, 0, 0, 0, 0]
2018-03-28 21:51:11,475 INFO [MainProcess] [Thread-1] - 商品索引:13
2018-03-28 21:51:11,475 INFO [MainProcess] [Thread-1] - 页码:90
2018-03-28 21:51:11,475 INFO [MainProcess] [Thread-1] - [0, 0, 0, 0, 0, 0, 0, 0, 0, 0, 0, 0, 0, 0, 0, 0, 0, 0, 0, 0]
2018-03-28 21:51:16,405 INFO [MainProcess] [Thread-1] - 商品索引:13
2018-03-28 21:51:16,405 INFO [MainProcess] [Thread-1] - 页码:91
2018-03-28 21:51:16,405 INFO [MainProcess] [Thread-1] - [0, 0, 0, 0, 0, 0, 0, 0, 0, 0, 0, 0, 0, 0, 0, 0, 0, 0, 0, 0]
2018-03-28 21:51:21,239 INFO [MainProcess] [Thread-1] - 商品索引:13
2018-03-28 21:51:21,239 INFO [MainProcess] [Thread-1] - 页码:92
2018-03-28 21:51:21,239 INFO [MainProcess] [Thread-1] - [0, 0, 0, 0, 0, 0, 0, 0, 0, 0, 0, 0, 0, 0, 0, 0, 0, 0, 0, 0]
2018-03-28 21:51:26,013 INFO [MainProcess] [Thread-1] - 商品索引:13
2018-03-28 21:51:26,013 INFO [MainProcess] [Thread-1] - 页码:93
2018-03-28 21:51:26,014 INFO [MainProcess] [Thread-1] - [0, 0, 0, 0, 0, 0, 0, 0, 0, 0, 0, 0, 0, 0, 0, 0, 0, 0, 0, 0]
2018-03-28 21:51:30,565 INFO [MainProcess] [Thread-1] - 商品索引:13
2018-03-28 21:51:30,565 INFO [MainProcess] [Thread-1] - 页码:94
2018-03-28 21:51:30,565 INFO [MainProcess] [Thread-1] - [0, 0, 0, 0, 0, 0, 0, 0, 0, 0, 0, 0, 0, 0, 0, 0, 0, 0, 0, 0]
2018-03-28 21:51:35,140 INFO [MainProcess] [Thread-1] - 商品索引:13
2018-03-28 21:51:35,140 INFO [MainProcess] [Thread-1] - 页码:95
2018-03-28 21:51:35,140 INFO [MainProcess] [Thread-1] - [0, 0, 0, 0, 0, 0, 0, 0, 0, 0, 0, 0, 0, 0, 0, 0, 0, 0, 0, 0]
2018-03-28 21:51:39,813 INFO [MainProcess] [Thread-1] - 商品索引:13
2018-03-28 21:51:39,814 INFO [MainProcess] [Thread-1] - 页码:96
2018-03-28 21:51:39,814 INFO [MainProcess] [Thread-1] - [0, 0, 0, 0, 0, 0, 0, 0, 0, 0, 0, 0, 0, 0, 0, 0, 0, 0, 0, 0]
2018-03-28 21:51:50,834 INFO [MainProcess] [Thread-1] - 商品索引:13
2018-03-28 21:51:50,834 INFO [MainProcess] [Thread-1] - 页码:97
2018-03-28 21:51:50,834 INFO [MainProcess] [Thread-1] - [0, 0, 0, 0, 0, 0, 0, 0, 0, 0, 0, 0, 0, 0, 0, 0, 0, 0, 0, 0]
2018-03-28 21:51:55,555 INFO [MainProcess] [Thread-1] - 商品索引:13
2018-03-28 21:51:55,555 INFO [MainProcess] [Thread-1] - 页码:98
2018-03-28 21:51:55,555 INFO [MainProcess] [Thread-1] - [0, 0, 0, 0, 0, 0, 0, 0, 0, 0, 0, 0, 0, 0, 0, 0, 0, 0, 0, 0]
2018-03-28 21:52:00,368 INFO [MainProcess] [Thread-1] - 商品索引:13
2018-03-28 21:52:00,368 INFO [MainProcess] [Thread-1] - 页码:99
2018-03-28 21:52:00,368 INFO [MainProcess] [Thread-1] - [0, 0, 0, 0, 0, 0, 0, 0, 0, 0, 0, 0, 0, 0, 0, 0, 0, 0, 0, 0]
2018-03-28 21:52:01,371 INFO [MainProcess] [Thread-1] - https://rate.tmall.com/list_detail_rate.htm?order=1&itemId=12309130885&sellerId=725677994&currentPage=1
2018-03-28 21:52:04,289 INFO [MainProcess] [Thread-1] - maxPage99
2018-03-28 21:52:14,306 INFO [MainProcess] [Thread-1] - 商品索引:14
2018-03-28 21:52:14,307 INFO [MainProcess] [Thread-1] - 页码:1
2018-03-28 21:52:14,307 INFO [MainProcess] [Thread-1] - [0, 0, 0, 0, 0, 0, 0, 0, 0, 0, 0, 0, 0, 0, 0, 0, 0, 0, 0, 0]
2018-03-28 21:52:19,187 INFO [MainProcess] [Thread-1] - 商品索引:14
2018-03-28 21:52:19,187 INFO [MainProcess] [Thread-1] - 页码:2
2018-03-28 21:52:19,187 INFO [MainProcess] [Thread-1] - [0, 0, 0, 0, 0, 0, 0, 0, 0, 0, 0, 0, 0, 0, 0, 0, 0, 0, 0, 0]
2018-03-28 21:52:23,789 INFO [MainProcess] [Thread-1] - 商品索引:14
2018-03-28 21:52:23,789 INFO [MainProcess] [Thread-1] - 页码:3
2018-03-28 21:52:23,790 INFO [MainProcess] [Thread-1] - [0, 0, 0, 0, 0, 0, 0, 0, 0, 0, 0, 0, 0, 0, 0, 0, 0, 0, 0, 0]
2018-03-28 21:52:28,757 INFO [MainProcess] [Thread-1] - 商品索引:14
2018-03-28 21:52:28,757 INFO [MainProcess] [Thread-1] - 页码:4
2018-03-28 21:52:28,757 INFO [MainProcess] [Thread-1] - [0, 0, 0, 0, 0, 0, 0, 0, 0, 0, 0, 0, 0, 0, 0, 0, 0, 0, 0, 0]
2018-03-28 21:52:33,430 INFO [MainProcess] [Thread-1] - 商品索引:14
2018-03-28 21:52:33,431 INFO [MainProcess] [Thread-1] - 页码:5
2018-03-28 21:52:33,431 INFO [MainProcess] [Thread-1] - [0, 0, 0, 0, 0, 0, 0, 0, 0, 0, 0, 0, 0, 0, 0, 0, 0, 0, 0, 0]
2018-03-28 21:52:37,980 INFO [MainProcess] [Thread-1] - 商品索引:14
2018-03-28 21:52:37,980 INFO [MainProcess] [Thread-1] - 页码:6
2018-03-28 21:52:37,980 INFO [MainProcess] [Thread-1] - [0, 0, 0, 0, 0, 0, 0, 0, 0, 0, 0, 0, 0, 0, 0, 0, 0, 0, 0, 0]
2018-03-28 21:52:42,545 INFO [MainProcess] [Thread-1] - 商品索引:14
2018-03-28 21:52:42,546 INFO [MainProcess] [Thread-1] - 页码:7
2018-03-28 21:52:42,546 INFO [MainProcess] [Thread-1] - [0, 0, 0, 0, 0, 0, 0, 0, 0, 0, 0, 0, 0, 0, 0, 0, 0, 0, 0, 0]
2018-03-28 21:52:47,297 INFO [MainProcess] [Thread-1] - 商品索引:14
2018-03-28 21:52:47,297 INFO [MainProcess] [Thread-1] - 页码:8
2018-03-28 21:52:47,298 INFO [MainProcess] [Thread-1] - [0, 0, 0, 0, 0, 0, 0, 0, 0, 0, 0, 0, 0, 0, 0, 0, 0, 0, 0, 0]
2018-03-28 21:52:52,108 INFO [MainProcess] [Thread-1] - 商品索引:14
2018-03-28 21:52:52,108 INFO [MainProcess] [Thread-1] - 页码:9
2018-03-28 21:52:52,108 INFO [MainProcess] [Thread-1] - [0, 0, 0, 0, 0, 0, 0, 0, 0, 0, 0, 0, 0, 0, 0, 0, 0, 0, 0, 0]
2018-03-28 21:52:57,119 INFO [MainProcess] [Thread-1] - 商品索引:14
2018-03-28 21:52:57,119 INFO [MainProcess] [Thread-1] - 页码:10
2018-03-28 21:52:57,119 INFO [MainProcess] [Thread-1] - [0, 0, 0, 0, 0, 0, 0, 0, 0, 0, 0, 0, 0, 0, 0, 0, 0, 0, 0, 0]
2018-03-28 21:53:01,647 INFO [MainProcess] [Thread-1] - 商品索引:14
2018-03-28 21:53:01,647 INFO [MainProcess] [Thread-1] - 页码:11
2018-03-28 21:53:01,647 INFO [MainProcess] [Thread-1] - [0, 0, 0, 0, 0, 0, 0, 0, 0, 0, 0, 0, 0, 0, 0, 0, 0, 0, 0, 0]
2018-03-28 21:53:06,570 INFO [MainProcess] [Thread-1] - 商品索引:14
2018-03-28 21:53:06,571 INFO [MainProcess] [Thread-1] - 页码:12
2018-03-28 21:53:06,572 INFO [MainProcess] [Thread-1] - [0, 0, 0, 0, 0, 0, 0, 0, 0, 0, 0, 0, 0, 0, 0, 0, 0, 0, 0, 0]
2018-03-28 21:53:11,151 INFO [MainProcess] [Thread-1] - 商品索引:14
2018-03-28 21:53:11,151 INFO [MainProcess] [Thread-1] - 页码:13
2018-03-28 21:53:11,151 INFO [MainProcess] [Thread-1] - [0, 0, 0, 0, 0, 0, 0, 0, 0, 0, 0, 0, 0, 0, 0, 0, 0, 0, 0, 0]
2018-03-28 21:53:16,017 INFO [MainProcess] [Thread-1] - 商品索引:14
2018-03-28 21:53:16,017 INFO [MainProcess] [Thread-1] - 页码:14
2018-03-28 21:53:16,018 INFO [MainProcess] [Thread-1] - [0, 0, 0, 0, 0, 0, 0, 0, 0, 0, 0, 0, 0, 0, 0, 0, 0, 0, 0, 0]
2018-03-28 21:53:26,826 INFO [MainProcess] [Thread-1] - 商品索引:14
2018-03-28 21:53:26,826 INFO [MainProcess] [Thread-1] - 页码:15
2018-03-28 21:53:26,826 INFO [MainProcess] [Thread-1] - [0, 0, 0, 0, 0, 0, 0, 0, 0, 0, 0, 0, 0, 0, 0, 0, 0, 0, 0, 0]
2018-03-28 21:53:31,752 INFO [MainProcess] [Thread-1] - 商品索引:14
2018-03-28 21:53:31,752 INFO [MainProcess] [Thread-1] - 页码:16
2018-03-28 21:53:31,752 INFO [MainProcess] [Thread-1] - [0, 0, 0, 0, 0, 0, 0, 0, 0, 0, 0, 0, 0, 0, 0, 0, 0, 0, 0, 0]
2018-03-28 21:53:36,335 INFO [MainProcess] [Thread-1] - 商品索引:14
2018-03-28 21:53:36,335 INFO [MainProcess] [Thread-1] - 页码:17
2018-03-28 21:53:36,335 INFO [MainProcess] [Thread-1] - [0, 0, 0, 0, 0, 0, 0, 0, 0, 0, 0, 0, 0, 0, 0, 0, 0, 0, 0, 0]
2018-03-28 21:53:41,158 INFO [MainProcess] [Thread-1] - 商品索引:14
2018-03-28 21:53:41,158 INFO [MainProcess] [Thread-1] - 页码:18
2018-03-28 21:53:41,158 INFO [MainProcess] [Thread-1] - [0, 0, 0, 0, 0, 0, 0, 0, 0, 0, 0, 0, 0, 0, 0, 0, 0, 0, 0, 0]
2018-03-28 21:53:49,331 INFO [MainProcess] [Thread-1] - 商品索引:14
2018-03-28 21:53:49,332 INFO [MainProcess] [Thread-1] - 页码:19
2018-03-28 21:53:49,332 INFO [MainProcess] [Thread-1] - Empty
2018-03-28 21:53:49,332 INFO [MainProcess] [Thread-1] - 重启
2018-03-28 21:54:59,371 INFO [MainProcess] [Thread-1] - log checking
2018-03-28 21:55:04,376 INFO [MainProcess] [Thread-1] - restarting
2018-03-28 21:55:05,597 INFO [MainProcess] [Thread-1] - https://rate.tmall.com/list_detail_rate.htm?order=1&itemId=12309130885&sellerId=725677994&currentPage=1
2018-03-28 21:55:08,578 INFO [MainProcess] [Thread-1] - maxPage99
2018-03-28 21:55:12,539 INFO [MainProcess] [Thread-1] - 商品索引:14
2018-03-28 21:55:12,539 INFO [MainProcess] [Thread-1] - 页码:20
2018-03-28 21:55:12,539 INFO [MainProcess] [Thread-1] - [0, 0, 0, 0, 0, 0, 0, 0, 0, 0, 0, 0, 0, 0, 0, 0, 0, 0, 0, 0]
2018-03-28 21:55:17,368 INFO [MainProcess] [Thread-1] - 商品索引:14
2018-03-28 21:55:17,368 INFO [MainProcess] [Thread-1] - 页码:21
2018-03-28 21:55:17,368 INFO [MainProcess] [Thread-1] - [0, 0, 0, 0, 0, 0, 0, 0, 0, 0, 0, 0, 0, 0, 0, 0, 0, 0, 0, 0]
2018-03-28 21:55:22,051 INFO [MainProcess] [Thread-1] - 商品索引:14
2018-03-28 21:55:22,051 INFO [MainProcess] [Thread-1] - 页码:22
2018-03-28 21:55:22,051 INFO [MainProcess] [Thread-1] - [0, 0, 0, 0, 0, 0, 0, 0, 0, 0, 0, 0, 0, 0, 0, 0, 0, 0, 0, 0]
2018-03-28 21:55:27,054 INFO [MainProcess] [Thread-1] - 商品索引:14
2018-03-28 21:55:27,054 INFO [MainProcess] [Thread-1] - 页码:23
2018-03-28 21:55:27,054 INFO [MainProcess] [Thread-1] - [0, 0, 0, 0, 0, 0, 0, 0, 0, 0, 0, 0, 0, 0, 0, 0, 0, 0, 0, 0]
2018-03-28 21:55:31,694 INFO [MainProcess] [Thread-1] - 商品索引:14
2018-03-28 21:55:31,694 INFO [MainProcess] [Thread-1] - 页码:24
2018-03-28 21:55:31,694 INFO [MainProcess] [Thread-1] - [0, 0, 0, 0, 0, 0, 0, 0, 0, 0, 0, 0, 0, 0, 0, 0, 0, 0, 0, 0]
2018-03-28 21:55:36,583 INFO [MainProcess] [Thread-1] - 商品索引:14
2018-03-28 21:55:36,583 INFO [MainProcess] [Thread-1] - 页码:25
2018-03-28 21:55:36,583 INFO [MainProcess] [Thread-1] - [0, 0, 0, 0, 0, 0, 0, 0, 0, 0, 0, 0, 0, 0, 0, 0, 0, 0, 0, 0]
2018-03-28 21:55:41,557 INFO [MainProcess] [Thread-1] - 商品索引:14
2018-03-28 21:55:41,557 INFO [MainProcess] [Thread-1] - 页码:26
2018-03-28 21:55:41,557 INFO [MainProcess] [Thread-1] - [0, 0, 0, 0, 0, 0, 0, 0, 0, 0, 0, 0, 0, 0, 0, 0, 0, 0, 0, 0]
2018-03-28 21:55:46,595 INFO [MainProcess] [Thread-1] - 商品索引:14
2018-03-28 21:55:46,595 INFO [MainProcess] [Thread-1] - 页码:27
2018-03-28 21:55:46,595 INFO [MainProcess] [Thread-1] - [0, 0, 0, 0, 0, 0, 0, 0, 0, 0, 0, 0, 0, 0, 0, 0, 0, 0, 0, 0]
2018-03-28 21:55:51,509 INFO [MainProcess] [Thread-1] - 商品索引:14
2018-03-28 21:55:51,510 INFO [MainProcess] [Thread-1] - 页码:28
2018-03-28 21:55:51,511 INFO [MainProcess] [Thread-1] - [0, 0, 0, 0, 0, 0, 0, 0, 0, 0, 0, 0, 0, 0, 0, 0, 0, 0, 0, 0]
2018-03-28 21:55:56,533 INFO [MainProcess] [Thread-1] - 商品索引:14
2018-03-28 21:55:56,533 INFO [MainProcess] [Thread-1] - 页码:29
2018-03-28 21:55:56,533 INFO [MainProcess] [Thread-1] - [0, 0, 0, 0, 0, 0, 0, 0, 0, 0, 0, 0, 0, 0, 0, 0, 0, 0, 0, 0]
2018-03-28 21:56:01,309 INFO [MainProcess] [Thread-1] - 商品索引:14
2018-03-28 21:56:01,309 INFO [MainProcess] [Thread-1] - 页码:30
2018-03-28 21:56:01,309 INFO [MainProcess] [Thread-1] - [0, 0, 0, 0, 0, 0, 0, 0, 0, 0, 0, 0, 0, 0, 0, 0, 0, 0, 0, 0]
2018-03-28 21:56:06,126 INFO [MainProcess] [Thread-1] - 商品索引:14
2018-03-28 21:56:06,126 INFO [MainProcess] [Thread-1] - 页码:31
2018-03-28 21:56:06,126 INFO [MainProcess] [Thread-1] - [0, 0, 0, 0, 0, 0, 0, 0, 0, 0, 0, 0, 0, 0, 0, 0, 0, 0, 0, 0]
2018-03-28 21:56:10,697 INFO [MainProcess] [Thread-1] - 商品索引:14
2018-03-28 21:56:10,697 INFO [MainProcess] [Thread-1] - 页码:32
2018-03-28 21:56:10,697 INFO [MainProcess] [Thread-1] - [0, 0, 0, 0, 0, 0, 0, 0, 0, 0, 0, 0, 0, 0, 0, 0, 0, 0, 0, 0]
2018-03-28 21:56:21,418 INFO [MainProcess] [Thread-1] - 商品索引:14
2018-03-28 21:56:21,418 INFO [MainProcess] [Thread-1] - 页码:33
2018-03-28 21:56:21,419 INFO [MainProcess] [Thread-1] - [0, 0, 0, 0, 0, 0, 0, 0, 0, 0, 0, 0, 0, 0, 0, 0, 0, 0, 0, 0]
2018-03-28 21:56:26,179 INFO [MainProcess] [Thread-1] - 商品索引:14
2018-03-28 21:56:26,179 INFO [MainProcess] [Thread-1] - 页码:34
2018-03-28 21:56:26,179 INFO [MainProcess] [Thread-1] - [0, 0, 0, 0, 0, 0, 0, 0, 0, 0, 0, 0, 0, 0, 0, 0, 0, 0, 0, 0]
2018-03-28 21:56:30,676 INFO [MainProcess] [Thread-1] - 商品索引:14
2018-03-28 21:56:30,676 INFO [MainProcess] [Thread-1] - 页码:35
2018-03-28 21:56:30,676 INFO [MainProcess] [Thread-1] - [0, 0, 0, 0, 0, 0, 0, 0, 0, 0, 0, 0, 0, 0, 0, 0, 0, 0, 0, 0]
2018-03-28 21:56:35,600 INFO [MainProcess] [Thread-1] - 商品索引:14
2018-03-28 21:56:35,600 INFO [MainProcess] [Thread-1] - 页码:36
2018-03-28 21:56:35,600 INFO [MainProcess] [Thread-1] - [0, 0, 0, 0, 0, 0, 0, 0, 0, 0, 0, 0, 0, 0, 0, 0, 0, 0, 0, 0]
2018-03-28 21:56:40,227 INFO [MainProcess] [Thread-1] - 商品索引:14
2018-03-28 21:56:40,227 INFO [MainProcess] [Thread-1] - 页码:37
2018-03-28 21:56:40,227 INFO [MainProcess] [Thread-1] - [0, 0, 0, 0, 0, 0, 0, 0, 0, 0, 0, 0, 0, 0, 0, 0, 0, 0, 0, 0]
2018-03-28 21:56:44,793 INFO [MainProcess] [Thread-1] - 商品索引:14
2018-03-28 21:56:44,793 INFO [MainProcess] [Thread-1] - 页码:38
2018-03-28 21:56:44,793 INFO [MainProcess] [Thread-1] - [0, 0, 0, 0, 0, 0, 0, 0, 0, 0, 0, 0, 0, 0, 0, 0, 0, 0, 0, 0]
2018-03-28 21:56:49,497 INFO [MainProcess] [Thread-1] - 商品索引:14
2018-03-28 21:56:49,497 INFO [MainProcess] [Thread-1] - 页码:39
2018-03-28 21:56:49,497 INFO [MainProcess] [Thread-1] - [0, 0, 0, 0, 0, 0, 0, 0, 0, 0, 0, 0, 0, 0, 0, 0, 0, 0, 0, 0]
2018-03-28 21:56:54,285 INFO [MainProcess] [Thread-1] - 商品索引:14
2018-03-28 21:56:54,285 INFO [MainProcess] [Thread-1] - 页码:40
2018-03-28 21:56:54,285 INFO [MainProcess] [Thread-1] - [0, 0, 0, 0, 0, 0, 0, 0, 0, 0, 0, 0, 0, 0, 0, 0, 0, 0, 0, 0]
2018-03-28 21:57:04,887 INFO [MainProcess] [Thread-1] - 商品索引:14
2018-03-28 21:57:04,888 INFO [MainProcess] [Thread-1] - 页码:41
2018-03-28 21:57:04,888 INFO [MainProcess] [Thread-1] - [0, 0, 0, 0, 0, 0, 0, 0, 0, 0, 0, 0, 0, 0, 0, 0, 0, 0, 0, 0]
2018-03-28 21:57:09,503 INFO [MainProcess] [Thread-1] - 商品索引:14
2018-03-28 21:57:09,503 INFO [MainProcess] [Thread-1] - 页码:42
2018-03-28 21:57:09,503 INFO [MainProcess] [Thread-1] - [0, 0, 0, 0, 0, 0, 0, 0, 0, 0, 0, 0, 0, 0, 0, 0, 0, 0, 0, 0]
2018-03-28 21:57:14,390 INFO [MainProcess] [Thread-1] - 商品索引:14
2018-03-28 21:57:14,391 INFO [MainProcess] [Thread-1] - 页码:43
2018-03-28 21:57:14,391 INFO [MainProcess] [Thread-1] - [0, 0, 0, 0, 0, 0, 0, 0, 0, 0, 0, 0, 0, 0, 0, 0, 0, 0, 0, 0]
2018-03-28 21:57:19,298 INFO [MainProcess] [Thread-1] - 商品索引:14
2018-03-28 21:57:19,298 INFO [MainProcess] [Thread-1] - 页码:44
2018-03-28 21:57:19,298 INFO [MainProcess] [Thread-1] - [0, 0, 0, 0, 0, 0, 0, 0, 0, 0, 0, 0, 0, 0, 0, 0, 0, 0, 0, 0]
2018-03-28 21:57:23,807 INFO [MainProcess] [Thread-1] - 商品索引:14
2018-03-28 21:57:23,807 INFO [MainProcess] [Thread-1] - 页码:45
2018-03-28 21:57:23,807 INFO [MainProcess] [Thread-1] - [0, 0, 0, 0, 0, 0, 0, 0, 0, 0, 0, 0, 0, 0, 0, 0, 0, 0, 0, 0]
2018-03-28 21:57:31,945 INFO [MainProcess] [Thread-1] - 商品索引:14
2018-03-28 21:57:31,945 INFO [MainProcess] [Thread-1] - 页码:46
2018-03-28 21:57:31,945 INFO [MainProcess] [Thread-1] - Empty
2018-03-28 21:57:31,946 INFO [MainProcess] [Thread-1] - 重启
2018-03-28 21:58:41,956 INFO [MainProcess] [Thread-1] - log checking
2018-03-28 21:58:46,960 INFO [MainProcess] [Thread-1] - restarting
2018-03-28 21:58:48,182 INFO [MainProcess] [Thread-1] - https://rate.tmall.com/list_detail_rate.htm?order=1&itemId=12309130885&sellerId=725677994&currentPage=1
2018-03-28 21:58:57,316 INFO [MainProcess] [Thread-1] - maxPage99
2018-03-28 21:59:01,294 INFO [MainProcess] [Thread-1] - 商品索引:14
2018-03-28 21:59:01,294 INFO [MainProcess] [Thread-1] - 页码:47
2018-03-28 21:59:01,295 INFO [MainProcess] [Thread-1] - [0, 0, 0, 0, 0, 0, 0, 0, 0, 0, 0, 0, 0, 0, 0, 0, 0, 0, 0, 0]
2018-03-28 21:59:05,772 INFO [MainProcess] [Thread-1] - 商品索引:14
2018-03-28 21:59:05,772 INFO [MainProcess] [Thread-1] - 页码:48
2018-03-28 21:59:05,772 INFO [MainProcess] [Thread-1] - [0, 0, 0, 0, 0, 0, 0, 0, 0, 0, 0, 0, 0, 0, 0, 0, 0, 0, 0, 0]
2018-03-28 21:59:10,528 INFO [MainProcess] [Thread-1] - 商品索引:14
2018-03-28 21:59:10,528 INFO [MainProcess] [Thread-1] - 页码:49
2018-03-28 21:59:10,528 INFO [MainProcess] [Thread-1] - [0, 0, 0, 0, 0, 0, 0, 0, 0, 0, 0, 0, 0, 0, 0, 0, 0, 0, 0, 0]
2018-03-28 21:59:15,273 INFO [MainProcess] [Thread-1] - 商品索引:14
2018-03-28 21:59:15,273 INFO [MainProcess] [Thread-1] - 页码:50
2018-03-28 21:59:15,273 INFO [MainProcess] [Thread-1] - [0, 0, 0, 0, 0, 0, 0, 0, 0, 0, 0, 0, 0, 0, 0, 0, 0, 0, 0, 0]
2018-03-28 21:59:19,894 INFO [MainProcess] [Thread-1] - 商品索引:14
2018-03-28 21:59:19,894 INFO [MainProcess] [Thread-1] - 页码:51
2018-03-28 21:59:19,894 INFO [MainProcess] [Thread-1] - [0, 0, 0, 0, 0, 0, 0, 0, 0, 0, 0, 0, 0, 0, 0, 0, 0, 0, 0, 0]
2018-03-28 21:59:24,647 INFO [MainProcess] [Thread-1] - 商品索引:14
2018-03-28 21:59:24,647 INFO [MainProcess] [Thread-1] - 页码:52
2018-03-28 21:59:24,648 INFO [MainProcess] [Thread-1] - [0, 0, 0, 0, 0, 0, 0, 0, 0, 0, 0, 0, 0, 0, 0, 0, 0, 0, 0, 0]
2018-03-28 21:59:29,360 INFO [MainProcess] [Thread-1] - 商品索引:14
2018-03-28 21:59:29,360 INFO [MainProcess] [Thread-1] - 页码:53
2018-03-28 21:59:29,360 INFO [MainProcess] [Thread-1] - [0, 0, 0, 0, 0, 0, 0, 0, 0, 0, 0, 0, 0, 0, 0, 0, 0, 0, 0, 0]
2018-03-28 21:59:34,445 INFO [MainProcess] [Thread-1] - 商品索引:14
2018-03-28 21:59:34,445 INFO [MainProcess] [Thread-1] - 页码:54
2018-03-28 21:59:34,445 INFO [MainProcess] [Thread-1] - [0, 0, 0, 0, 0, 0, 0, 0, 0, 0, 0, 0, 0, 0, 0, 0, 0, 0, 0, 0]
2018-03-28 21:59:38,890 INFO [MainProcess] [Thread-1] - 商品索引:14
2018-03-28 21:59:38,890 INFO [MainProcess] [Thread-1] - 页码:55
2018-03-28 21:59:38,890 INFO [MainProcess] [Thread-1] - [0, 0, 0, 0, 0, 0, 0, 0, 0, 0, 0, 0, 0, 0, 0, 0, 0, 0, 0, 0]
2018-03-28 21:59:43,839 INFO [MainProcess] [Thread-1] - 商品索引:14
2018-03-28 21:59:43,839 INFO [MainProcess] [Thread-1] - 页码:56
2018-03-28 21:59:43,839 INFO [MainProcess] [Thread-1] - [0, 0, 0, 0, 0, 0, 0, 0, 0, 0, 0, 0, 0, 0, 0, 0, 0, 0, 0, 0]
2018-03-28 21:59:48,525 INFO [MainProcess] [Thread-1] - 商品索引:14
2018-03-28 21:59:48,525 INFO [MainProcess] [Thread-1] - 页码:57
2018-03-28 21:59:48,525 INFO [MainProcess] [Thread-1] - [0, 0, 0, 0, 0, 0, 0, 0, 0, 0, 0, 0, 0, 0, 0, 0, 0, 0, 0, 0]
2018-03-28 21:59:53,636 INFO [MainProcess] [Thread-1] - 商品索引:14
2018-03-28 21:59:53,636 INFO [MainProcess] [Thread-1] - 页码:58
2018-03-28 21:59:53,636 INFO [MainProcess] [Thread-1] - [0, 0, 0, 0, 0, 0, 0, 0, 0, 0, 0, 0, 0, 0, 0, 0, 0, 0, 0, 0]
2018-03-28 21:59:58,155 INFO [MainProcess] [Thread-1] - 商品索引:14
2018-03-28 21:59:58,155 INFO [MainProcess] [Thread-1] - 页码:59
2018-03-28 21:59:58,155 INFO [MainProcess] [Thread-1] - [0, 0, 0, 0, 0, 0, 0, 0, 0, 0, 0, 0, 0, 0, 0, 0, 0, 0, 0, 0]
2018-03-28 22:00:03,301 INFO [MainProcess] [Thread-1] - 商品索引:14
2018-03-28 22:00:03,301 INFO [MainProcess] [Thread-1] - 页码:60
2018-03-28 22:00:03,301 INFO [MainProcess] [Thread-1] - [0, 0, 0, 0, 0, 0, 0, 0, 0, 0, 0, 0, 0, 0, 0, 0, 0, 0, 0, 0]
2018-03-28 22:00:08,182 INFO [MainProcess] [Thread-1] - 商品索引:14
2018-03-28 22:00:08,182 INFO [MainProcess] [Thread-1] - 页码:61
2018-03-28 22:00:08,182 INFO [MainProcess] [Thread-1] - [0, 0, 0, 0, 0, 0, 0, 0, 0, 0, 0, 0, 0, 0, 0, 0, 0, 0, 0, 0]
2018-03-28 22:00:12,739 INFO [MainProcess] [Thread-1] - 商品索引:14
2018-03-28 22:00:12,739 INFO [MainProcess] [Thread-1] - 页码:62
2018-03-28 22:00:12,739 INFO [MainProcess] [Thread-1] - [0, 0, 0, 0, 0, 0, 0, 0, 0, 0, 0, 0, 0, 0, 0, 0, 0, 0, 0, 0]
2018-03-28 22:00:17,523 INFO [MainProcess] [Thread-1] - 商品索引:14
2018-03-28 22:00:17,523 INFO [MainProcess] [Thread-1] - 页码:63
2018-03-28 22:00:17,523 INFO [MainProcess] [Thread-1] - [0, 0, 0, 0, 0, 0, 0, 0, 0, 0, 0, 0, 0, 0, 0, 0, 0, 0, 0, 0]
2018-03-28 22:00:22,153 INFO [MainProcess] [Thread-1] - 商品索引:14
2018-03-28 22:00:22,154 INFO [MainProcess] [Thread-1] - 页码:64
2018-03-28 22:00:22,154 INFO [MainProcess] [Thread-1] - [0, 0, 0, 0, 0, 0, 0, 0, 0, 0, 0, 0, 0, 0, 0, 0, 0, 0, 0, 0]
2018-03-28 22:00:26,720 INFO [MainProcess] [Thread-1] - 商品索引:14
2018-03-28 22:00:26,720 INFO [MainProcess] [Thread-1] - 页码:65
2018-03-28 22:00:26,720 INFO [MainProcess] [Thread-1] - [0, 0, 0, 0, 0, 0, 0, 0, 0, 0, 0, 0, 0, 0, 0, 0, 0, 0, 0, 0]
2018-03-28 22:00:31,393 INFO [MainProcess] [Thread-1] - 商品索引:14
2018-03-28 22:00:31,393 INFO [MainProcess] [Thread-1] - 页码:66
2018-03-28 22:00:31,393 INFO [MainProcess] [Thread-1] - [0, 0, 0, 0, 0, 0, 0, 0, 0, 0, 0, 0, 0, 0, 0, 0, 0, 0, 0, 0]
2018-03-28 22:00:35,881 INFO [MainProcess] [Thread-1] - 商品索引:14
2018-03-28 22:00:35,884 INFO [MainProcess] [Thread-1] - 页码:67
2018-03-28 22:00:35,885 INFO [MainProcess] [Thread-1] - [0, 0, 0, 0, 0, 0, 0, 0, 0, 0, 0, 0, 0, 0, 0, 0, 0, 0, 0, 0]
2018-03-28 22:00:40,945 INFO [MainProcess] [Thread-1] - 商品索引:14
2018-03-28 22:00:40,945 INFO [MainProcess] [Thread-1] - 页码:68
2018-03-28 22:00:40,946 INFO [MainProcess] [Thread-1] - [0, 0, 0, 0, 0, 0, 0, 0, 0, 0, 0, 0, 0, 0, 0, 0, 0, 0, 0, 0]
2018-03-28 22:00:51,763 INFO [MainProcess] [Thread-1] - 商品索引:14
2018-03-28 22:00:51,763 INFO [MainProcess] [Thread-1] - 页码:69
2018-03-28 22:00:51,763 INFO [MainProcess] [Thread-1] - [0, 0, 0, 0, 0, 0, 0, 0, 0, 0, 0, 0, 0, 0, 0, 0, 0, 0, 0, 0]
2018-03-28 22:01:06,843 INFO [MainProcess] [Thread-1] - 重启
2018-03-28 22:02:16,853 INFO [MainProcess] [Thread-1] - log checking
2018-03-28 22:02:16,853 INFO [MainProcess] [Thread-1] - 85.09036493301392
2018-03-28 22:02:18,075 INFO [MainProcess] [Thread-1] - https://rate.tmall.com/list_detail_rate.htm?order=1&itemId=12309130885&sellerId=725677994&currentPage=1
2018-03-28 22:02:20,978 INFO [MainProcess] [Thread-1] - maxPage99
2018-03-28 22:02:24,310 INFO [MainProcess] [Thread-1] - 重启
2018-03-28 22:03:34,321 INFO [MainProcess] [Thread-1] - log checking
2018-03-28 22:03:34,322 INFO [MainProcess] [Thread-1] - 162.55943965911865
2018-03-28 22:03:35,571 INFO [MainProcess] [Thread-1] - https://rate.tmall.com/list_detail_rate.htm?order=1&itemId=12309130885&sellerId=725677994&currentPage=1
2018-03-28 22:03:39,057 INFO [MainProcess] [MainThread] - s_TM_XY_洗衣液
2018-03-28 22:03:39,072 INFO [MainProcess] [Thread-1] - log checking
2018-03-28 22:03:39,072 INFO [MainProcess] [Thread-1] - 167.30955290794373
2018-03-28 22:03:40,296 INFO [MainProcess] [Thread-1] - https://rate.tmall.com/list_detail_rate.htm?order=1&itemId=12309130885&sellerId=725677994&currentPage=1
2018-03-28 22:03:43,191 INFO [MainProcess] [Thread-1] - maxPage99
2018-03-28 22:03:46,347 INFO [MainProcess] [Thread-1] - 重启
2018-03-28 22:03:56,368 INFO [MainProcess] [MainThread] - s_TM_XY_洗衣液
2018-03-28 22:03:56,382 INFO [MainProcess] [Thread-1] - log checking
2018-03-28 22:03:56,382 INFO [MainProcess] [Thread-1] - 184.6187298297882
2018-03-28 22:03:57,664 INFO [MainProcess] [Thread-1] - https://rate.tmall.com/list_detail_rate.htm?order=1&itemId=12309130885&sellerId=725677994&currentPage=1
2018-03-28 22:04:00,694 INFO [MainProcess] [Thread-1] - maxPage99
2018-03-28 22:04:03,833 INFO [MainProcess] [Thread-1] - 重启
2018-03-28 22:05:13,844 INFO [MainProcess] [Thread-1] - log checking
2018-03-28 22:05:13,844 INFO [MainProcess] [Thread-1] - 262.0812747478485
2018-03-28 22:05:15,240 INFO [MainProcess] [Thread-1] - https://rate.tmall.com/list_detail_rate.htm?order=1&itemId=12309130885&sellerId=725677994&currentPage=1
2018-03-28 22:05:24,337 INFO [MainProcess] [Thread-1] - maxPage99
2018-03-28 22:05:27,631 INFO [MainProcess] [Thread-1] - 重启
2018-03-28 22:06:37,643 INFO [MainProcess] [Thread-1] - log checking
2018-03-28 22:06:37,643 INFO [MainProcess] [Thread-1] - 345.8797664642334
2018-03-28 22:06:38,862 INFO [MainProcess] [Thread-1] - https://rate.tmall.com/list_detail_rate.htm?order=1&itemId=12309130885&sellerId=725677994&currentPage=1
2018-03-28 22:06:41,742 INFO [MainProcess] [Thread-1] - maxPage99
2018-03-28 22:06:44,889 INFO [MainProcess] [Thread-1] - 重启
2018-03-28 22:07:54,898 INFO [MainProcess] [Thread-1] - log checking
2018-03-28 22:07:54,899 INFO [MainProcess] [Thread-1] - 423.13660860061646
2018-03-28 22:07:56,113 INFO [MainProcess] [Thread-1] - https://rate.tmall.com/list_detail_rate.htm?order=1&itemId=12309130885&sellerId=725677994&currentPage=1
2018-03-28 22:08:05,237 INFO [MainProcess] [Thread-1] - maxPage99
2018-03-28 22:08:08,636 INFO [MainProcess] [Thread-1] - 重启
2018-03-29 11:33:15,822 INFO [MainProcess] [MainThread] - s_TM_XY_洗衣液
2018-03-29 11:33:15,840 INFO [MainProcess] [MainThread] - s_TM_XY_洗衣粉
2018-03-29 11:33:15,863 INFO [MainProcess] [MainThread] - s_TM_XY_洗衣皂
2018-03-29 11:33:15,863 INFO [MainProcess] [MainThread] - s_TM_XY_洗衣片
2018-03-29 11:33:15,866 INFO [MainProcess] [MainThread] - s_TM_XY_洗衣凝珠
2018-03-29 11:33:15,866 INFO [MainProcess] [MainThread] - s_TM_XY_衣物护理柔顺剂液
2018-03-29 11:33:16,376 INFO [MainProcess] [Thread-1] - log checking
2018-03-29 11:33:16,377 INFO [MainProcess] [Thread-1] - 48744.613948106766
2018-03-29 11:33:18,026 INFO [MainProcess] [Thread-4] - 重启
2018-03-29 11:33:18,028 INFO [MainProcess] [Thread-6] - 重启
2018-03-29 11:33:18,044 INFO [MainProcess] [Thread-2] - 重启
2018-03-29 11:33:18,050 INFO [MainProcess] [Thread-3] - 重启
2018-03-29 11:33:18,050 INFO [MainProcess] [Thread-5] - 重启
2018-03-29 11:33:18,743 INFO [MainProcess] [Thread-1] - https://rate.tmall.com/list_detail_rate.htm?order=1&itemId=12309130885&sellerId=725677994&currentPage=1
2018-03-29 11:33:29,068 INFO [MainProcess] [Thread-1] - maxPage99
2018-03-29 11:33:33,297 INFO [MainProcess] [Thread-1] - 商品索引:14
2018-03-29 11:33:33,297 INFO [MainProcess] [Thread-1] - 页码:70
2018-03-29 11:33:33,297 INFO [MainProcess] [Thread-1] - [1, 1, 1, 1, 0, 0, 0, 0, 0, 0, 0, 0, 0, 0, 0, 0, 0, 0, 0, 0]
2018-04-03 15:56:50,223 INFO [MainProcess] [MainThread] - s_TM_XY_洗衣液
2018-04-03 15:56:50,232 INFO [MainProcess] [MainThread] - s_TM_XY_洗衣粉
2018-04-03 15:56:50,240 INFO [MainProcess] [MainThread] - s_TM_XY_洗衣皂
2018-04-03 15:56:50,240 INFO [MainProcess] [MainThread] - s_TM_XY_洗衣片
2018-04-03 15:56:50,240 INFO [MainProcess] [MainThread] - s_TM_XY_洗衣凝珠
2018-04-03 15:56:50,241 INFO [MainProcess] [MainThread] - s_TM_XY_衣物护理柔顺剂液
2018-04-03 15:56:51,037 INFO [MainProcess] [Thread-7] - log checking
2018-04-03 15:56:51,038 INFO [MainProcess] [Thread-7] - exist, restarting
2018-04-03 15:56:51,251 INFO [MainProcess] [Thread-7] - 重启
2018-04-03 15:56:51,584 INFO [MainProcess] [Thread-6] - log checking
2018-04-03 15:56:51,585 INFO [MainProcess] [Thread-6] - exist, restarting
2018-04-03 15:56:51,680 INFO [MainProcess] [Thread-11] - log checking
2018-04-03 15:56:51,688 INFO [MainProcess] [Thread-11] - 3112860.9699778557
2018-04-03 15:56:51,830 INFO [MainProcess] [Thread-10] - log checking
2018-04-03 15:56:51,830 INFO [MainProcess] [Thread-10] - 3112864.3896152973
2018-04-03 15:56:51,862 INFO [MainProcess] [Thread-8] - log checking
2018-04-03 15:56:51,881 INFO [MainProcess] [Thread-8] - 3112864.3249816895
2018-04-03 15:56:51,971 INFO [MainProcess] [Thread-9] - log checking
2018-04-03 15:56:51,977 INFO [MainProcess] [Thread-11] - 重启
2018-04-03 15:56:51,980 INFO [MainProcess] [Thread-9] - exist, restarting
2018-04-03 15:56:52,005 INFO [MainProcess] [Thread-10] - 重启
2018-04-03 15:56:52,387 INFO [MainProcess] [Thread-9] - 重启
2018-04-03 15:56:52,406 INFO [MainProcess] [Thread-8] - 重启
